#
# A fatal error has been detected by the Java Runtime Environment:
#
#  EXCEPTION_ACCESS_VIOLATION (0xc0000005) at pc=0x00007ff96655a08a, pid=3080, tid=11472
#
# JRE version: OpenJDK Runtime Environment Corretto-17.0.4.8.1 (17.0.4+8) (build 17.0.4+8-LTS)
# Java VM: OpenJDK 64-Bit Server VM Corretto-17.0.4.8.1 (17.0.4+8-LTS, mixed mode, emulated-client, sharing, tiered, compressed oops, compressed class ptrs, g1 gc, windows-amd64)
# Problematic frame:
# V  [jvm.dll+0x76a08a]
#
# No core dump will be written. Minidumps are not enabled by default on client versions of Windows
#
# If you would like to submit a bug report, please visit:
#   https://github.com/corretto/corretto-17/issues/
#

---------------  S U M M A R Y ------------

Command Line: -XX:+ShowCodeDetailsInExceptionMessages -agentlib:jdwp=transport=dt_socket,suspend=y,address=localhost:50171 -Dcom.sun.management.jmxremote -Dcom.sun.management.jmxremote.port=50167 -Dcom.sun.management.jmxremote.authenticate=false -Dcom.sun.management.jmxremote.ssl=false -Djava.rmi.server.hostname=localhost -Dspring.jmx.enabled=true -Dspring.application.admin.enabled=true -XX:TieredStopAtLevel=1 -Dspring.boot.project.name=Artstock_Backend -javaagent:C:\sts-4.14.1.RELEASE\configuration\org.eclipse.osgi\265\0\.cp\lib\javaagent-shaded.jar -Dfile.encoding=UTF-8 artstock.BackendApplication --spring.profiles.active=local2 --spring.output.ansi.enabled=always --spring.profiles.active=local

Host: Intel(R) Core(TM) i5-10210U CPU @ 1.60GHz, 8 cores, 7G,  Windows 10 , 64 bit Build 19041 (10.0.19041.1806)
Time: Tue Aug  9 18:32:22 2022  Windows 10 , 64 bit Build 19041 (10.0.19041.1806) elapsed time: 755.683052 seconds (0d 0h 12m 35s)

---------------  T H R E A D  ---------------

Current thread (0x000001f6b41d53e0):  JavaThread "JDWP Transport Listener: dt_socket" daemon [_thread_in_vm, id=11472, stack(0x0000001401600000,0x0000001401700000)]

Stack: [0x0000001401600000,0x0000001401700000],  sp=0x00000014016ff8b0,  free space=1022k
Native frames: (J=compiled Java code, j=interpreted, Vv=VM code, C=native code)
V  [jvm.dll+0x76a08a]
V  [jvm.dll+0x4e3c28]
V  [jvm.dll+0x4b4b94]
C  [jdwp.dll+0x22bc0]


siginfo: EXCEPTION_ACCESS_VIOLATION (0xc0000005), reading address 0x00000000004c0152


Register to memory mapping:

RIP=0x00007ff96655a08a jvm.dll
RAX=0x000000000000014f is an unknown value
RBX=0x000001f6b359ca56 points into unknown readable memory: 74 65
RCX=0x00000000004c014e is an unknown value
RDX=0x000001f6bcbc65f0 points into unknown readable memory: 0x636f74737472614c | 4c 61 72 74 73 74 6f 63
RSP=0x00000014016ff8b0 is pointing into the stack for thread: 0x000001f6b41d53e0
RBP=0x000001f6b41b8be0 points into unknown readable memory: 0x0000000200000002 | 02 00 00 00 02 00 00 00
RSI=0x0 is NULL
RDI=0xffffffffffffffff is an unknown value
R8 =0x0000000000000254 is an unknown value
R9 =0x0000000000000040 is an unknown value
R10=0x0000000000000240 is an unknown value
R11=0x00000014016ff8d0 is pointing into the stack for thread: 0x000001f6b41d53e0
R12=0x00000014016ff9d8 is pointing into the stack for thread: 0x000001f6b41d53e0
R13=0x0 is NULL
R14=0x0000000801980538 is a pointer to class: 
artstock.api2.service.NoticeService {0x0000000801980540}
 - instance size:     3
 - klass size:        83
 - access:            public synchronized 
 - state:             fully_initialized
 - name:              'artstock/api2/service/NoticeService'
 - super:             'artstock/api2/service/AbstractApiService'
 - sub:               'artstock/api2/service/NoticeService$$EnhancerBySpringCGLIB$$b2ea1388'   
 - arrays:            NULL
 - methods:           Array<T>(0x000001f6be270c48)
 - method ordering:   Array<T>(0x000001f6be271c00)
 - default_methods:   Array<T>(0x0000000000000000)
 - local interfaces:  Array<T>(0x00000008005cf930)
 - trans. interfaces: Array<T>(0x00000008005cf930)
 - constants:         constant pool [345] {0x000001f6be2736a8} for 'artstock/api2/service/NoticeService' cache=0x000001f6be274290
 - class loader data:  loader data: 0x000001f6bcba36d0 for instance a 'org/springframework/boot/devtools/restart/classloader/RestartClassLoader'{0x0000000086102918}
 - source file:       'NoticeService.java'
 - source debug extension:       SMAP
NoticeService.java
Java
*S jdt
*F
1 NoticeService.java
2 file:/C:/Users/sangs/Documents/workFileCollection/Artstock_Backend/target/classes/
*L
*E

 - class annotations:       Array<T>(0x000001f6be271bc8)
 - class type annotations:  Array<T>(0x0000000000000000)
 - field annotations:       Array<T>(0x0000000000000000)
 - field type annotations:  Array<T>(0x0000000000000000)
 - previous version:  constant pool [334] {0x000001f6bdded898} for 'artstock/api2/service/NoticeService' (extra) cache=0x000001f6be12a960
 - generic signature: '
[error occurred during error reporting (printing register info), id 0xc0000005, EXCEPTION_ACCESS_VIOLATION (0xc0000005) at pc=0x00007ff96655ac56]

Registers:
RAX=0x000000000000014f, RBX=0x000001f6b359ca56, RCX=0x00000000004c014e, RDX=0x000001f6bcbc65f0
RSP=0x00000014016ff8b0, RBP=0x000001f6b41b8be0, RSI=0x0000000000000000, RDI=0xffffffffffffffff
R8 =0x0000000000000254, R9 =0x0000000000000040, R10=0x0000000000000240, R11=0x00000014016ff8d0
R12=0x00000014016ff9d8, R13=0x0000000000000000, R14=0x0000000801980538, R15=0x00000014016ffa28
RIP=0x00007ff96655a08a, EFLAGS=0x0000000000010202

Top of Stack: (sp=0x00000014016ff8b0)
0x00000014016ff8b0:   0000000000000023 0000000801980538
0x00000014016ff8c0:   000001f6bc9bb010 000001f6b919b231
0x00000014016ff8d0:   ffffffffffffffff 00007ff9662d3c28
0x00000014016ff8e0:   000001f6b359ca56 000001f6b359ca30
0x00000014016ff8f0:   000001f6b41b8be0 0000000000000000
0x00000014016ff900:   000001f6b359c9f0 00000000000003d8
0x00000014016ff910:   000001f6b359ca00 000001f6b359cdd8
0x00000014016ff920:   0000000000000002 00000014016ff9d8
0x00000014016ff930:   000001f6a14578c0 00000014016ffa28
0x00000014016ff940:   000001f6b41d53e0 00007ff9662a4b94
0x00000014016ff950:   0000000086a11398 0000000000000000
0x00000014016ff960:   0000000000000000 00000014016ffa28
0x00000014016ff970:   000001f6b41d53e0 0000000000000000
0x00000014016ff980:   000001f600000000 0000000000000000
0x00000014016ff990:   000000000000000d 00007ff9fb202bc0
0x00000014016ff9a0:   00000014016ffa20 0000000000000000 

Instructions: (pc=0x00007ff96655a08a)
0x00007ff966559f8a:   48 83 c4 20 5f e9 3c d5 94 ff cc cc cc cc cc cc
0x00007ff966559f9a:   cc cc cc cc cc cc 48 89 5c 24 08 57 48 83 ec 20
0x00007ff966559faa:   83 fa 02 8d 42 06 b9 08 00 00 00 49 8b d8 0f 4e
0x00007ff966559fba:   c1 48 63 c8 48 83 c1 07 83 e1 f8 48 63 f9 49 8b
0x00007ff966559fca:   48 18 48 8b c7 48 f7 d0 48 3b c1 73 16 4c 8d 05
0x00007ff966559fda:   2a f3 16 00 48 8b d7 48 8b cb e8 b7 36 95 ff 48
0x00007ff966559fea:   8b 4b 18 48 8d 04 39 48 3b 43 20 76 18 45 33 c0
0x00007ff966559ffa:   48 8b d7 48 8b cb 48 8b 5c 24 30 48 83 c4 20 5f
0x00007ff96655a00a:   e9 61 33 95 ff 48 89 43 18 48 8b c1 48 8b 5c 24
0x00007ff96655a01a:   30 48 83 c4 20 5f c3 cc cc cc cc cc cc cc cc cc
0x00007ff96655a02a:   cc cc cc cc cc cc 4c 8b d2 4c 8b d9 45 85 c0 7e
0x00007ff96655a03a:   3c 44 0f b7 49 04 41 8d 40 ff 45 3b c1 44 0f 4e
0x00007ff96655a04a:   c8 4d 63 c1 45 85 c9 7e 1f 48 8b c2 4c 2b da 49
0x00007ff96655a05a:   8b d0 0f 1f 40 00 41 0f b6 4c 03 06 88 08 48 8d
0x00007ff96655a06a:   40 01 48 83 ea 01 75 ee 43 c6 04 10 00 49 8b c2
0x00007ff96655a07a:   c3 cc cc cc cc cc 48 89 5c 24 08 57 48 83 ec 20
0x00007ff96655a08a:   0f b7 59 04 48 8b f9 33 d2 48 8d 4b 01 e8 a4 1a
0x00007ff96655a09a:   f3 ff 0f b7 57 04 8d 4b 01 3b ca 4c 8b c0 0f 46
0x00007ff96655a0aa:   d3 4c 63 ca 85 d2 7e 31 48 8b c8 48 2b f8 49 8b
0x00007ff96655a0ba:   d1 0f 1f 44 00 00 0f b6 44 0f 06 88 01 48 8d 49
0x00007ff96655a0ca:   01 48 83 ea 01 75 ef 43 88 14 01 49 8b c0 48 8b
0x00007ff96655a0da:   5c 24 30 48 83 c4 20 5f c3 48 8b 5c 24 30 41 c6
0x00007ff96655a0ea:   04 01 00 48 83 c4 20 5f c3 cc cc cc cc cc cc cc
0x00007ff96655a0fa:   cc cc cc cc cc cc 4c 8b d1 45 85 c0 7e 6c 44 0f
0x00007ff96655a10a:   b7 49 04 41 8d 40 ff 45 3b c1 44 0f 4e c8 4d 63
0x00007ff96655a11a:   d9 45 85 c9 7e 22 48 8b ca 4c 2b d2 4d 8b c3 0f
0x00007ff96655a12a:   1f 80 00 00 00 00 41 0f b6 44 0a 06 88 01 48 8d
0x00007ff96655a13a:   49 01 49 83 e8 01 75 ee 41 c6 04 13 00 48 c7 c0
0x00007ff96655a14a:   ff ff ff ff 66 90 48 ff c0 80 3c 02 00 75 f7 48
0x00007ff96655a15a:   63 c8 85 c0 48 8b c2 7e 14 80 38 2f 75 03 c6 00
0x00007ff96655a16a:   2e 48 ff c0 48 83 e9 01 75 ef 48 8b c2 c3 cc cc
0x00007ff96655a17a:   cc cc cc cc cc cc 48 83 ec 28 e8 f7 fe ff ff 4c 


Stack slot to memory mapping:
stack at sp + 0 slots: 0x0000000000000023 is an unknown value
stack at sp + 1 slots: 0x0000000801980538 is a pointer to class: 
artstock.api2.service.NoticeService {0x0000000801980540}
 - instance size:     3
 - klass size:        83
 - access:            public synchronized 
 - state:             fully_initialized
 - name:              'artstock/api2/service/NoticeService'
 - super:             'artstock/api2/service/AbstractApiService'
 - sub:               'artstock/api2/service/NoticeService$$EnhancerBySpringCGLIB$$b2ea1388'   
 - arrays:            NULL
 - methods:           Array<T>(0x000001f6be270c48)
 - method ordering:   Array<T>(0x000001f6be271c00)
 - default_methods:   Array<T>(0x0000000000000000)
 - local interfaces:  Array<T>(0x00000008005cf930)
 - trans. interfaces: Array<T>(0x00000008005cf930)
 - constants:         constant pool [345] {0x000001f6be2736a8} for 'artstock/api2/service/NoticeService' cache=0x000001f6be274290
 - class loader data:  loader data: 0x000001f6bcba36d0 for instance a 'org/springframework/boot/devtools/restart/classloader/RestartClassLoader'{0x0000000086102918}
 - source file:       'NoticeService.java'
 - source debug extension:       SMAP
NoticeService.java
Java
*S jdt
*F
1 NoticeService.java
2 file:/C:/Users/sangs/Documents/workFileCollection/Artstock_Backend/target/classes/
*L
*E

 - class annotations:       Array<T>(0x000001f6be271bc8)
 - class type annotations:  Array<T>(0x0000000000000000)
 - field annotations:       Array<T>(0x0000000000000000)
 - field type annotations:  Array<T>(0x0000000000000000)
 - previous version:  constant pool [334] {0x000001f6bdded898} for 'artstock/api2/service/NoticeService' (extra) cache=0x000001f6be12a960
 - generic signature: '
[error occurred during error reporting (inspecting top of stack), id 0xc0000005, EXCEPTION_ACCESS_VIOLATION (0xc0000005) at pc=0x00007ff96655ac56]


---------------  P R O C E S S  ---------------

Threads class SMR info:
_java_thread_list=0x000001f6bc9bf720, length=38, elements={
0x000001f6b3566a50, 0x000001f6b35680b0, 0x000001f6b35838d0, 0x000001f6b35875b0,
0x000001f6b358a620, 0x000001f6b3593e40, 0x000001f6b3598450, 0x000001f6b35994f0,
0x000001f6b415f800, 0x000001f6b41d53e0, 0x000001f6b41d6280, 0x000001f6b41db4b0,
0x000001f6b4d82bb0, 0x000001f6b4e5a4f0, 0x000001f6b4e5e4c0, 0x000001f6b4cc7710,
0x000001f6b52ee050, 0x000001f6b56a8870, 0x000001f6b56f3540, 0x000001f6b912d710,
0x000001f6b56f2200, 0x000001f6b9ea82a0, 0x000001f6bc8c5490, 0x000001f6bc8c67d0,
0x000001f6bc8c5960, 0x000001f6bc8c5e30, 0x000001f6bc86b560, 0x000001f6bc869d50,
0x000001f6bc868070, 0x000001f6bc8c3e20, 0x000001f6bc8c47c0, 0x000001f6bc8c3950,
0x000001f6bc8c4c90, 0x000001f6b5129c50, 0x000001f6b512af90, 0x000001f6b512be00,
0x000001f6b512c7a0, 0x000001f6b512b930
}

Java Threads: ( => current thread )
  0x000001f6b3566a50 JavaThread "Reference Handler" daemon [_thread_blocked, id=8784, stack(0x0000001400b00000,0x0000001400c00000)]
  0x000001f6b35680b0 JavaThread "Finalizer" daemon [_thread_blocked, id=15680, stack(0x0000001400c00000,0x0000001400d00000)]
  0x000001f6b35838d0 JavaThread "Signal Dispatcher" daemon [_thread_blocked, id=10260, stack(0x0000001400d00000,0x0000001400e00000)]
  0x000001f6b35875b0 JavaThread "Attach Listener" daemon [_thread_blocked, id=4412, stack(0x0000001400e00000,0x0000001400f00000)]
  0x000001f6b358a620 JavaThread "Service Thread" daemon [_thread_blocked, id=8916, stack(0x0000001400f00000,0x0000001401000000)]
  0x000001f6b3593e40 JavaThread "Monitor Deflation Thread" daemon [_thread_blocked, id=820, stack(0x0000001401000000,0x0000001401100000)]
  0x000001f6b3598450 JavaThread "C1 CompilerThread0" daemon [_thread_blocked, id=3056, stack(0x0000001401100000,0x0000001401200000)]
  0x000001f6b35994f0 JavaThread "Sweeper thread" daemon [_thread_blocked, id=7532, stack(0x0000001401200000,0x0000001401300000)]
  0x000001f6b415f800 JavaThread "Common-Cleaner" daemon [_thread_blocked, id=10976, stack(0x0000001401300000,0x0000001401400000)]
=>0x000001f6b41d53e0 JavaThread "JDWP Transport Listener: dt_socket" daemon [_thread_in_vm, id=11472, stack(0x0000001401600000,0x0000001401700000)]
  0x000001f6b41d6280 JavaThread "JDWP Event Helper Thread" daemon [_thread_blocked, id=15356, stack(0x0000001401700000,0x0000001401800000)]
  0x000001f6b41db4b0 JavaThread "JDWP Command Reader" daemon [_thread_in_native, id=9312, stack(0x0000001401800000,0x0000001401900000)]
  0x000001f6b4d82bb0 JavaThread "Notification Thread" daemon [_thread_blocked, id=15376, stack(0x0000001401900000,0x0000001401a00000)]
  0x000001f6b4e5a4f0 JavaThread "RMI TCP Accept-0" daemon [_thread_in_native, id=15760, stack(0x0000001401a00000,0x0000001401b00000)]
  0x000001f6b4e5e4c0 JavaThread "RMI TCP Accept-50167" daemon [_thread_in_native, id=14812, stack(0x0000001401b00000,0x0000001401c00000)]
  0x000001f6b4cc7710 JavaThread "RMI TCP Accept-0" daemon [_thread_in_native, id=2888, stack(0x0000001402300000,0x0000001402400000)]
  0x000001f6b52ee050 JavaThread "RMI Scheduler(0)" daemon [_thread_blocked, id=3084, stack(0x0000001402700000,0x0000001402800000)]
  0x000001f6b56a8870 JavaThread "JMX server connection timeout 25" daemon [_thread_blocked, id=3308, stack(0x0000001402900000,0x0000001402a00000)]
  0x000001f6b56f3540 JavaThread "mysql-cj-abandoned-connection-cleanup" daemon [_thread_blocked, id=12848, stack(0x0000001403000000,0x0000001403100000)]
  0x000001f6b912d710 JavaThread "Live Reload Server" daemon [_thread_in_native, id=8104, stack(0x0000001403500000,0x0000001403600000)]
  0x000001f6b56f2200 JavaThread "DestroyJavaVM" [_thread_blocked, id=11504, stack(0x0000001400400000,0x0000001400500000)]
  0x000001f6b9ea82a0 JavaThread "RMI TCP Connection(idle)" daemon [_thread_blocked, id=5440, stack(0x0000001404400000,0x0000001404500000)]
  0x000001f6bc8c5490 JavaThread "Catalina-utility-1" [_thread_blocked, id=2908, stack(0x0000001401400000,0x0000001401500000)]
  0x000001f6bc8c67d0 JavaThread "Catalina-utility-2" [_thread_blocked, id=11052, stack(0x0000001402500000,0x0000001402600000)]
  0x000001f6bc8c5960 JavaThread "container-0" [_thread_blocked, id=12716, stack(0x0000001402600000,0x0000001402700000)]
  0x000001f6bc8c5e30 JavaThread "HikariPool-5 housekeeper" daemon [_thread_blocked, id=10752, stack(0x0000001402a00000,0x0000001402b00000)]
  0x000001f6bc86b560 JavaThread "http-nio-9080-exec-1" daemon [_thread_blocked, id=14548, stack(0x0000001403200000,0x0000001403300000)]
  0x000001f6bc869d50 JavaThread "http-nio-9080-exec-2" daemon [_thread_blocked, id=12948, stack(0x0000001403300000,0x0000001403400000)]
  0x000001f6bc868070 JavaThread "http-nio-9080-exec-3" daemon [_thread_blocked, id=14908, stack(0x0000001403400000,0x0000001403500000)]
  0x000001f6bc8c3e20 JavaThread "http-nio-9080-exec-4" daemon [_thread_blocked, id=14364, stack(0x0000001403600000,0x0000001403700000)]
  0x000001f6bc8c47c0 JavaThread "http-nio-9080-exec-5" daemon [_thread_blocked, id=15048, stack(0x0000001403800000,0x0000001403900000)]
  0x000001f6bc8c3950 JavaThread "http-nio-9080-exec-6" daemon [_thread_blocked, id=3392, stack(0x0000001403900000,0x0000001403a00000)]
  0x000001f6bc8c4c90 JavaThread "http-nio-9080-exec-7" daemon [_thread_blocked, id=288, stack(0x0000001403a00000,0x0000001403b00000)]
  0x000001f6b5129c50 JavaThread "http-nio-9080-exec-8" daemon [_thread_blocked, id=10708, stack(0x0000001403b00000,0x0000001403c00000)]
  0x000001f6b512af90 JavaThread "http-nio-9080-exec-9" daemon [_thread_blocked, id=13944, stack(0x0000001403c00000,0x0000001403d00000)]
  0x000001f6b512be00 JavaThread "http-nio-9080-exec-10" daemon [_thread_blocked, id=14112, stack(0x0000001403d00000,0x0000001403e00000)]
  0x000001f6b512c7a0 JavaThread "http-nio-9080-Poller" daemon [_thread_in_native, id=8588, stack(0x0000001403e00000,0x0000001403f00000)]
  0x000001f6b512b930 JavaThread "Thread-23" [_thread_blocked, id=11208, stack(0x0000001400300000,0x0000001400400000)]

Other Threads:
  0x000001f6b3560ee0 VMThread "VM Thread" [stack: 0x0000001400a00000,0x0000001400b00000] [id=12756]
  0x000001f6a146aae0 WatcherThread [stack: 0x0000001402400000,0x0000001402500000] [id=12576]
  0x000001f6a14c5060 GCTaskThread "GC Thread#0" [stack: 0x0000001400500000,0x0000001400600000] [id=4736]
  0x000001f6b4e4b900 GCTaskThread "GC Thread#1" [stack: 0x0000001401c00000,0x0000001401d00000] [id=10036]
  0x000001f6b4e4bbb0 GCTaskThread "GC Thread#2" [stack: 0x0000001401d00000,0x0000001401e00000] [id=11392]
  0x000001f6b4e9e500 GCTaskThread "GC Thread#3" [stack: 0x0000001401e00000,0x0000001401f00000] [id=14916]
  0x000001f6b4ea0bd0 GCTaskThread "GC Thread#4" [stack: 0x0000001401f00000,0x0000001402000000] [id=14408]
  0x000001f6b4ea0e80 GCTaskThread "GC Thread#5" [stack: 0x0000001402000000,0x0000001402100000] [id=4960]
  0x000001f6b4ea1130 GCTaskThread "GC Thread#6" [stack: 0x0000001402100000,0x0000001402200000] [id=6644]
  0x000001f6b4ea13e0 GCTaskThread "GC Thread#7" [stack: 0x0000001402200000,0x0000001402300000] [id=3980]
  0x000001f6a14d6090 ConcurrentGCThread "G1 Main Marker" [stack: 0x0000001400600000,0x0000001400700000] [id=9912]
  0x000001f6a14d69b0 ConcurrentGCThread "G1 Conc#0" [stack: 0x0000001400700000,0x0000001400800000] [id=15836]
  0x000001f6b5a6db30 ConcurrentGCThread "G1 Conc#1" [stack: 0x0000001402d00000,0x0000001402e00000] [id=12744]
  0x000001f6a152da80 ConcurrentGCThread "G1 Refine#0" [stack: 0x0000001400800000,0x0000001400900000] [id=11148]
  0x000001f6a152e3b0 ConcurrentGCThread "G1 Service" [stack: 0x0000001400900000,0x0000001400a00000] [id=12456]

Threads with active compile tasks:

VM state: not at safepoint (normal execution)

VM Mutex/Monitor currently owned by a thread: None

Heap address: 0x0000000082e00000, size: 2002 MB, Compressed Oops mode: 32-bit

CDS archive(s) mapped at: [0x0000000800000000-0x0000000800bc0000-0x0000000800bc0000), size 12320768, SharedBaseAddress: 0x0000000800000000, ArchiveRelocationMode: 0.
Compressed class space mapped at: 0x0000000800c00000-0x0000000840c00000, reserved size: 1073741824
Narrow klass base: 0x0000000800000000, Narrow klass shift: 0, Narrow klass range: 0x100000000

GC Precious Log:
 CPUs: 8 total, 8 available
 Memory: 8006M
 Large Page Support: Disabled
 NUMA Support: Disabled
 Compressed Oops: Enabled (32-bit)
 Heap Region Size: 1M
 Heap Min Capacity: 8M
 Heap Initial Capacity: 126M
 Heap Max Capacity: 2002M
 Pre-touch: Disabled
 Parallel Workers: 8
 Concurrent Workers: 2
 Concurrent Refinement Workers: 8
 Periodic GC: Disabled

Heap:
 garbage-first heap   total 286720K, used 125687K [0x0000000082e00000, 0x0000000100000000)
  region size 1024K, 61 young (62464K), 11 survivors (11264K)
 Metaspace       used 105465K, committed 106368K, reserved 1146880K
  class space    used 13789K, committed 14208K, reserved 1048576K

Heap Regions: E=young(eden), S=young(survivor), O=old, HS=humongous(starts), HC=humongous(continues), CS=collection set, F=free, OA=open archive, CA=closed archive, TAMS=top-at-mark-start (previous, next)
|   0|0x0000000082e00000, 0x0000000082f00000, 0x0000000082f00000|100%|HS|  |TAMS 0x0000000082f00000, 0x0000000082e00000| Untracked 
|   1|0x0000000082f00000, 0x0000000082ffc3c0, 0x0000000083000000| 98%| O|  |TAMS 0x0000000082ffc3c0, 0x0000000082f00000| Untracked 
|   2|0x0000000083000000, 0x0000000083100000, 0x0000000083100000|100%| O|  |TAMS 0x0000000083100000, 0x0000000083000000| Untracked 
|   3|0x0000000083100000, 0x0000000083200000, 0x0000000083200000|100%| O|  |TAMS 0x0000000083200000, 0x0000000083100000| Untracked 
|   4|0x0000000083200000, 0x00000000832fffe8, 0x0000000083300000| 99%| O|  |TAMS 0x00000000832fffe8, 0x0000000083200000| Untracked 
|   5|0x0000000083300000, 0x0000000083400000, 0x0000000083400000|100%| O|  |TAMS 0x0000000083400000, 0x0000000083300000| Untracked 
|   6|0x0000000083400000, 0x0000000083500000, 0x0000000083500000|100%| O|  |TAMS 0x0000000083500000, 0x0000000083400000| Untracked 
|   7|0x0000000083500000, 0x0000000083600000, 0x0000000083600000|100%| O|  |TAMS 0x0000000083600000, 0x0000000083500000| Untracked 
|   8|0x0000000083600000, 0x00000000836fffe0, 0x0000000083700000| 99%| O|  |TAMS 0x00000000836fffe0, 0x0000000083600000| Untracked 
|   9|0x0000000083700000, 0x00000000837fffb8, 0x0000000083800000| 99%| O|  |TAMS 0x00000000837fffb8, 0x0000000083700000| Untracked 
|  10|0x0000000083800000, 0x00000000838fffb8, 0x0000000083900000| 99%| O|  |TAMS 0x00000000838fffb8, 0x0000000083800000| Untracked 
|  11|0x0000000083900000, 0x00000000839ffff8, 0x0000000083a00000| 99%| O|  |TAMS 0x0000000083900000, 0x0000000083900000| Untracked 
|  12|0x0000000083a00000, 0x0000000083affff8, 0x0000000083b00000| 99%| O|  |TAMS 0x0000000083affff8, 0x0000000083a00000| Untracked 
|  13|0x0000000083b00000, 0x0000000083bfffe8, 0x0000000083c00000| 99%| O|  |TAMS 0x0000000083bfffe8, 0x0000000083b00000| Untracked 
|  14|0x0000000083c00000, 0x0000000083cfffe0, 0x0000000083d00000| 99%| O|  |TAMS 0x0000000083cfffe0, 0x0000000083c00000| Untracked 
|  15|0x0000000083d00000, 0x0000000083dffff0, 0x0000000083e00000| 99%| O|  |TAMS 0x0000000083dffff0, 0x0000000083d00000| Untracked 
|  16|0x0000000083e00000, 0x0000000083effff0, 0x0000000083f00000| 99%| O|  |TAMS 0x0000000083effff0, 0x0000000083e00000| Untracked 
|  17|0x0000000083f00000, 0x0000000083fffff0, 0x0000000084000000| 99%| O|  |TAMS 0x0000000083fffff0, 0x0000000083f00000| Untracked 
|  18|0x0000000084000000, 0x00000000840fffe8, 0x0000000084100000| 99%| O|  |TAMS 0x00000000840fffe8, 0x0000000084000000| Untracked 
|  19|0x0000000084100000, 0x00000000841ffff8, 0x0000000084200000| 99%| O|  |TAMS 0x00000000841ffff8, 0x0000000084100000| Untracked 
|  20|0x0000000084200000, 0x00000000842ffff0, 0x0000000084300000| 99%| O|  |TAMS 0x00000000842ffff0, 0x0000000084200000| Untracked 
|  21|0x0000000084300000, 0x00000000843fffe0, 0x0000000084400000| 99%| O|  |TAMS 0x00000000843fffe0, 0x0000000084300000| Untracked 
|  22|0x0000000084400000, 0x00000000844ffff8, 0x0000000084500000| 99%| O|  |TAMS 0x00000000844ffff8, 0x0000000084400000| Untracked 
|  23|0x0000000084500000, 0x00000000845fff68, 0x0000000084600000| 99%| O|  |TAMS 0x00000000845fff68, 0x0000000084500000| Untracked 
|  24|0x0000000084600000, 0x00000000846ffff0, 0x0000000084700000| 99%| O|  |TAMS 0x00000000846ffff0, 0x0000000084600000| Untracked 
|  25|0x0000000084700000, 0x00000000847fffe8, 0x0000000084800000| 99%| O|  |TAMS 0x00000000847fffe8, 0x0000000084700000| Untracked 
|  26|0x0000000084800000, 0x00000000848ffff8, 0x0000000084900000| 99%| O|  |TAMS 0x00000000848ffff8, 0x0000000084800000| Untracked 
|  27|0x0000000084900000, 0x0000000084a00000, 0x0000000084a00000|100%| O|  |TAMS 0x0000000084a00000, 0x0000000084900000| Untracked 
|  28|0x0000000084a00000, 0x0000000084b00000, 0x0000000084b00000|100%| O|  |TAMS 0x0000000084b00000, 0x0000000084a00000| Untracked 
|  29|0x0000000084b00000, 0x0000000084bfffe8, 0x0000000084c00000| 99%| O|  |TAMS 0x0000000084bfffe8, 0x0000000084b00000| Untracked 
|  30|0x0000000084c00000, 0x0000000084cffff0, 0x0000000084d00000| 99%| O|  |TAMS 0x0000000084cffff0, 0x0000000084c00000| Untracked 
|  31|0x0000000084d00000, 0x0000000084dfffc0, 0x0000000084e00000| 99%| O|  |TAMS 0x0000000084dfffc0, 0x0000000084d00000| Untracked 
|  32|0x0000000084e00000, 0x0000000084efffe0, 0x0000000084f00000| 99%| O|  |TAMS 0x0000000084efffe0, 0x0000000084e00000| Untracked 
|  33|0x0000000084f00000, 0x0000000084ffffb8, 0x0000000085000000| 99%| O|  |TAMS 0x0000000084ffffb8, 0x0000000084f00000| Untracked 
|  34|0x0000000085000000, 0x0000000085100000, 0x0000000085100000|100%| O|  |TAMS 0x0000000085100000, 0x0000000085000000| Untracked 
|  35|0x0000000085100000, 0x00000000851ffff8, 0x0000000085200000| 99%| O|  |TAMS 0x00000000851ffff8, 0x0000000085100000| Untracked 
|  36|0x0000000085200000, 0x00000000852fffd0, 0x0000000085300000| 99%| O|  |TAMS 0x00000000852fffd0, 0x0000000085200000| Untracked 
|  37|0x0000000085300000, 0x00000000853ffff0, 0x0000000085400000| 99%| O|  |TAMS 0x00000000853ffff0, 0x0000000085300000| Untracked 
|  38|0x0000000085400000, 0x00000000854fffc0, 0x0000000085500000| 99%| O|  |TAMS 0x00000000854fffc0, 0x0000000085400000| Untracked 
|  39|0x0000000085500000, 0x00000000855ffff8, 0x0000000085600000| 99%| O|  |TAMS 0x00000000855ffff8, 0x0000000085500000| Untracked 
|  40|0x0000000085600000, 0x00000000856fffa0, 0x0000000085700000| 99%| O|  |TAMS 0x00000000856fffa0, 0x0000000085600000| Untracked 
|  41|0x0000000085700000, 0x00000000857fffc0, 0x0000000085800000| 99%| O|  |TAMS 0x0000000085700000, 0x0000000085700000| Untracked 
|  42|0x0000000085800000, 0x0000000085900000, 0x0000000085900000|100%| O|  |TAMS 0x0000000085800000, 0x0000000085800000| Untracked 
|  43|0x0000000085900000, 0x00000000859fffe0, 0x0000000085a00000| 99%| O|  |TAMS 0x0000000085900000, 0x0000000085900000| Untracked 
|  44|0x0000000085a00000, 0x0000000085affff0, 0x0000000085b00000| 99%| O|  |TAMS 0x0000000085a00000, 0x0000000085a00000| Untracked 
|  45|0x0000000085b00000, 0x0000000085bffff8, 0x0000000085c00000| 99%| O|  |TAMS 0x0000000085b00000, 0x0000000085b00000| Untracked 
|  46|0x0000000085c00000, 0x0000000085d00000, 0x0000000085d00000|100%| O|  |TAMS 0x0000000085c00000, 0x0000000085c00000| Untracked 
|  47|0x0000000085d00000, 0x0000000085dfffe8, 0x0000000085e00000| 99%| O|  |TAMS 0x0000000085d00000, 0x0000000085d00000| Untracked 
|  48|0x0000000085e00000, 0x0000000085f00000, 0x0000000085f00000|100%| O|  |TAMS 0x0000000085e00000, 0x0000000085e00000| Untracked 
|  49|0x0000000085f00000, 0x0000000085fffff8, 0x0000000086000000| 99%| O|  |TAMS 0x0000000085f00000, 0x0000000085f00000| Untracked 
|  50|0x0000000086000000, 0x0000000086024328, 0x0000000086100000| 14%| O|  |TAMS 0x0000000086000000, 0x0000000086000000| Untracked 
|  51|0x0000000086100000, 0x0000000086200000, 0x0000000086200000|100%| O|  |TAMS 0x0000000086100000, 0x0000000086100000| Untracked 
|  52|0x0000000086200000, 0x000000008626c2d8, 0x0000000086300000| 42%| O|  |TAMS 0x0000000086200000, 0x0000000086200000| Untracked 
|  53|0x0000000086300000, 0x00000000863bc168, 0x0000000086400000| 73%| O|  |TAMS 0x0000000086300000, 0x0000000086300000| Untracked 
|  54|0x0000000086400000, 0x00000000864e3a40, 0x0000000086500000| 88%| O|  |TAMS 0x0000000086400000, 0x0000000086400000| Untracked 
|  55|0x0000000086500000, 0x00000000865a1990, 0x0000000086600000| 63%| O|  |TAMS 0x0000000086500000, 0x0000000086500000| Untracked 
|  56|0x0000000086600000, 0x0000000086700000, 0x0000000086700000|100%| O|  |TAMS 0x0000000086600000, 0x0000000086600000| Untracked 
|  57|0x0000000086700000, 0x00000000867048b0, 0x0000000086800000|  1%| O|  |TAMS 0x0000000086700000, 0x0000000086700000| Untracked 
|  58|0x0000000086800000, 0x0000000086900000, 0x0000000086900000|100%| O|  |TAMS 0x0000000086800000, 0x0000000086800000| Untracked 
|  59|0x0000000086900000, 0x0000000086a00000, 0x0000000086a00000|100%| O|  |TAMS 0x0000000086900000, 0x0000000086900000| Untracked 
|  60|0x0000000086a00000, 0x0000000086b00000, 0x0000000086b00000|100%| O|  |TAMS 0x0000000086a00000, 0x0000000086a00000| Untracked 
|  61|0x0000000086b00000, 0x0000000086c00000, 0x0000000086c00000|100%| O|  |TAMS 0x0000000086b00000, 0x0000000086b00000| Untracked 
|  62|0x0000000086c00000, 0x0000000086d00000, 0x0000000086d00000|100%| O|  |TAMS 0x0000000086c00000, 0x0000000086c00000| Untracked 
|  63|0x0000000086d00000, 0x0000000086e00000, 0x0000000086e00000|100%| O|  |TAMS 0x0000000086d00000, 0x0000000086d00000| Untracked 
|  64|0x0000000086e00000, 0x0000000086f00000, 0x0000000086f00000|100%| O|  |TAMS 0x0000000086e00000, 0x0000000086e00000| Untracked 
|  65|0x0000000086f00000, 0x0000000086fb6e00, 0x0000000087000000| 71%| O|  |TAMS 0x0000000086f00000, 0x0000000086f00000| Untracked 
|  66|0x0000000087000000, 0x0000000087000000, 0x0000000087100000|  0%| F|  |TAMS 0x0000000087000000, 0x0000000087000000| Untracked 
|  67|0x0000000087100000, 0x0000000087100000, 0x0000000087200000|  0%| F|  |TAMS 0x0000000087100000, 0x0000000087100000| Untracked 
|  68|0x0000000087200000, 0x0000000087200000, 0x0000000087300000|  0%| F|  |TAMS 0x0000000087200000, 0x0000000087200000| Untracked 
|  69|0x0000000087300000, 0x0000000087300000, 0x0000000087400000|  0%| F|  |TAMS 0x0000000087300000, 0x0000000087300000| Untracked 
|  70|0x0000000087400000, 0x0000000087400000, 0x0000000087500000|  0%| F|  |TAMS 0x0000000087400000, 0x0000000087400000| Untracked 
|  71|0x0000000087500000, 0x0000000087500000, 0x0000000087600000|  0%| F|  |TAMS 0x0000000087500000, 0x0000000087500000| Untracked 
|  72|0x0000000087600000, 0x0000000087600000, 0x0000000087700000|  0%| F|  |TAMS 0x0000000087600000, 0x0000000087600000| Untracked 
|  73|0x0000000087700000, 0x0000000087700000, 0x0000000087800000|  0%| F|  |TAMS 0x0000000087700000, 0x0000000087700000| Untracked 
|  74|0x0000000087800000, 0x0000000087800000, 0x0000000087900000|  0%| F|  |TAMS 0x0000000087800000, 0x0000000087800000| Untracked 
|  75|0x0000000087900000, 0x0000000087900000, 0x0000000087a00000|  0%| F|  |TAMS 0x0000000087900000, 0x0000000087900000| Untracked 
|  76|0x0000000087a00000, 0x0000000087a00000, 0x0000000087b00000|  0%| F|  |TAMS 0x0000000087a00000, 0x0000000087a00000| Untracked 
|  77|0x0000000087b00000, 0x0000000087b00000, 0x0000000087c00000|  0%| F|  |TAMS 0x0000000087b00000, 0x0000000087b00000| Untracked 
|  78|0x0000000087c00000, 0x0000000087c00000, 0x0000000087d00000|  0%| F|  |TAMS 0x0000000087c00000, 0x0000000087c00000| Untracked 
|  79|0x0000000087d00000, 0x0000000087d00000, 0x0000000087e00000|  0%| F|  |TAMS 0x0000000087d00000, 0x0000000087d00000| Untracked 
|  80|0x0000000087e00000, 0x0000000087e00000, 0x0000000087f00000|  0%| F|  |TAMS 0x0000000087e00000, 0x0000000087e00000| Untracked 
|  81|0x0000000087f00000, 0x0000000087f00000, 0x0000000088000000|  0%| F|  |TAMS 0x0000000087f00000, 0x0000000087f00000| Untracked 
|  82|0x0000000088000000, 0x0000000088000000, 0x0000000088100000|  0%| F|  |TAMS 0x0000000088000000, 0x0000000088000000| Untracked 
|  83|0x0000000088100000, 0x0000000088100000, 0x0000000088200000|  0%| F|  |TAMS 0x0000000088100000, 0x0000000088100000| Untracked 
|  84|0x0000000088200000, 0x0000000088200000, 0x0000000088300000|  0%| F|  |TAMS 0x0000000088200000, 0x0000000088200000| Untracked 
|  85|0x0000000088300000, 0x0000000088300000, 0x0000000088400000|  0%| F|  |TAMS 0x0000000088300000, 0x0000000088300000| Untracked 
|  86|0x0000000088400000, 0x0000000088400000, 0x0000000088500000|  0%| F|  |TAMS 0x0000000088400000, 0x0000000088400000| Untracked 
|  87|0x0000000088500000, 0x0000000088500000, 0x0000000088600000|  0%| F|  |TAMS 0x0000000088500000, 0x0000000088500000| Untracked 
|  88|0x0000000088600000, 0x0000000088634b40, 0x0000000088700000| 20%| S|CS|TAMS 0x0000000088600000, 0x0000000088600000| Complete 
|  89|0x0000000088700000, 0x0000000088800000, 0x0000000088800000|100%| S|CS|TAMS 0x0000000088700000, 0x0000000088700000| Complete 
|  90|0x0000000088800000, 0x0000000088900000, 0x0000000088900000|100%| S|CS|TAMS 0x0000000088800000, 0x0000000088800000| Complete 
|  91|0x0000000088900000, 0x0000000088a00000, 0x0000000088a00000|100%| S|CS|TAMS 0x0000000088900000, 0x0000000088900000| Complete 
|  92|0x0000000088a00000, 0x0000000088b00000, 0x0000000088b00000|100%| S|CS|TAMS 0x0000000088a00000, 0x0000000088a00000| Complete 
|  93|0x0000000088b00000, 0x0000000088c00000, 0x0000000088c00000|100%| S|CS|TAMS 0x0000000088b00000, 0x0000000088b00000| Complete 
|  94|0x0000000088c00000, 0x0000000088d00000, 0x0000000088d00000|100%| S|CS|TAMS 0x0000000088c00000, 0x0000000088c00000| Complete 
|  95|0x0000000088d00000, 0x0000000088e00000, 0x0000000088e00000|100%| S|CS|TAMS 0x0000000088d00000, 0x0000000088d00000| Complete 
|  96|0x0000000088e00000, 0x0000000088f00000, 0x0000000088f00000|100%| O|  |TAMS 0x0000000088f00000, 0x0000000088e00000| Untracked 
|  97|0x0000000088f00000, 0x0000000089000000, 0x0000000089000000|100%| S|CS|TAMS 0x0000000088f00000, 0x0000000088f00000| Complete 
|  98|0x0000000089000000, 0x0000000089000000, 0x0000000089100000|  0%| F|  |TAMS 0x0000000089000000, 0x0000000089000000| Untracked 
|  99|0x0000000089100000, 0x0000000089100000, 0x0000000089200000|  0%| F|  |TAMS 0x0000000089100000, 0x0000000089100000| Untracked 
| 100|0x0000000089200000, 0x0000000089200000, 0x0000000089300000|  0%| F|  |TAMS 0x0000000089200000, 0x0000000089200000| Untracked 
| 101|0x0000000089300000, 0x0000000089300000, 0x0000000089400000|  0%| F|  |TAMS 0x0000000089300000, 0x0000000089300000| Untracked 
| 102|0x0000000089400000, 0x0000000089400000, 0x0000000089500000|  0%| F|  |TAMS 0x0000000089400000, 0x0000000089400000| Untracked 
| 103|0x0000000089500000, 0x0000000089500000, 0x0000000089600000|  0%| F|  |TAMS 0x0000000089500000, 0x0000000089500000| Untracked 
| 104|0x0000000089600000, 0x0000000089600000, 0x0000000089700000|  0%| F|  |TAMS 0x0000000089600000, 0x0000000089600000| Untracked 
| 105|0x0000000089700000, 0x0000000089800000, 0x0000000089800000|100%| S|CS|TAMS 0x0000000089700000, 0x0000000089700000| Complete 
| 106|0x0000000089800000, 0x0000000089800000, 0x0000000089900000|  0%| F|  |TAMS 0x0000000089800000, 0x0000000089800000| Untracked 
| 107|0x0000000089900000, 0x0000000089900000, 0x0000000089a00000|  0%| F|  |TAMS 0x0000000089900000, 0x0000000089900000| Untracked 
| 108|0x0000000089a00000, 0x0000000089b00000, 0x0000000089b00000|100%| S|CS|TAMS 0x0000000089a00000, 0x0000000089a00000| Complete 
| 109|0x0000000089b00000, 0x0000000089b00000, 0x0000000089c00000|  0%| F|  |TAMS 0x0000000089b00000, 0x0000000089b00000| Untracked 
| 110|0x0000000089c00000, 0x0000000089c00000, 0x0000000089d00000|  0%| F|  |TAMS 0x0000000089c00000, 0x0000000089c00000| Untracked 
| 111|0x0000000089d00000, 0x0000000089d00000, 0x0000000089e00000|  0%| F|  |TAMS 0x0000000089d00000, 0x0000000089d00000| Untracked 
| 112|0x0000000089e00000, 0x0000000089e00000, 0x0000000089f00000|  0%| F|  |TAMS 0x0000000089e00000, 0x0000000089e00000| Untracked 
| 113|0x0000000089f00000, 0x0000000089f00000, 0x000000008a000000|  0%| F|  |TAMS 0x0000000089f00000, 0x0000000089f00000| Untracked 
| 114|0x000000008a000000, 0x000000008a000000, 0x000000008a100000|  0%| F|  |TAMS 0x000000008a000000, 0x000000008a000000| Untracked 
| 115|0x000000008a100000, 0x000000008a100000, 0x000000008a200000|  0%| F|  |TAMS 0x000000008a100000, 0x000000008a100000| Untracked 
| 116|0x000000008a200000, 0x000000008a200000, 0x000000008a300000|  0%| F|  |TAMS 0x000000008a200000, 0x000000008a200000| Untracked 
| 117|0x000000008a300000, 0x000000008a300000, 0x000000008a400000|  0%| F|  |TAMS 0x000000008a300000, 0x000000008a300000| Untracked 
| 118|0x000000008a400000, 0x000000008a400000, 0x000000008a500000|  0%| F|  |TAMS 0x000000008a400000, 0x000000008a400000| Untracked 
| 119|0x000000008a500000, 0x000000008a500000, 0x000000008a600000|  0%| F|  |TAMS 0x000000008a500000, 0x000000008a500000| Untracked 
| 120|0x000000008a600000, 0x000000008a600000, 0x000000008a700000|  0%| F|  |TAMS 0x000000008a600000, 0x000000008a600000| Untracked 
| 121|0x000000008a700000, 0x000000008a700000, 0x000000008a800000|  0%| F|  |TAMS 0x000000008a700000, 0x000000008a700000| Untracked 
| 122|0x000000008a800000, 0x000000008a800000, 0x000000008a900000|  0%| F|  |TAMS 0x000000008a800000, 0x000000008a800000| Untracked 
| 123|0x000000008a900000, 0x000000008a900000, 0x000000008aa00000|  0%| F|  |TAMS 0x000000008a900000, 0x000000008a900000| Untracked 
| 124|0x000000008aa00000, 0x000000008aa00000, 0x000000008ab00000|  0%| F|  |TAMS 0x000000008aa00000, 0x000000008aa00000| Untracked 
| 125|0x000000008ab00000, 0x000000008ab00000, 0x000000008ac00000|  0%| F|  |TAMS 0x000000008ab00000, 0x000000008ab00000| Untracked 
| 126|0x000000008ac00000, 0x000000008ac00000, 0x000000008ad00000|  0%| F|  |TAMS 0x000000008ac00000, 0x000000008ac00000| Untracked 
| 127|0x000000008ad00000, 0x000000008ad00000, 0x000000008ae00000|  0%| F|  |TAMS 0x000000008ad00000, 0x000000008ad00000| Untracked 
| 128|0x000000008ae00000, 0x000000008ae00000, 0x000000008af00000|  0%| F|  |TAMS 0x000000008ae00000, 0x000000008ae00000| Untracked 
| 129|0x000000008af00000, 0x000000008af00000, 0x000000008b000000|  0%| F|  |TAMS 0x000000008af00000, 0x000000008af00000| Untracked 
| 130|0x000000008b000000, 0x000000008b000000, 0x000000008b100000|  0%| F|  |TAMS 0x000000008b000000, 0x000000008b000000| Untracked 
| 131|0x000000008b100000, 0x000000008b100000, 0x000000008b200000|  0%| F|  |TAMS 0x000000008b100000, 0x000000008b100000| Untracked 
| 132|0x000000008b200000, 0x000000008b200000, 0x000000008b300000|  0%| F|  |TAMS 0x000000008b200000, 0x000000008b200000| Untracked 
| 133|0x000000008b300000, 0x000000008b300000, 0x000000008b400000|  0%| F|  |TAMS 0x000000008b300000, 0x000000008b300000| Untracked 
| 134|0x000000008b400000, 0x000000008b400000, 0x000000008b500000|  0%| F|  |TAMS 0x000000008b400000, 0x000000008b400000| Untracked 
| 135|0x000000008b500000, 0x000000008b500000, 0x000000008b600000|  0%| F|  |TAMS 0x000000008b500000, 0x000000008b500000| Untracked 
| 136|0x000000008b600000, 0x000000008b600000, 0x000000008b700000|  0%| F|  |TAMS 0x000000008b600000, 0x000000008b600000| Untracked 
| 137|0x000000008b700000, 0x000000008b700000, 0x000000008b800000|  0%| F|  |TAMS 0x000000008b700000, 0x000000008b700000| Untracked 
| 138|0x000000008b800000, 0x000000008b800000, 0x000000008b900000|  0%| F|  |TAMS 0x000000008b800000, 0x000000008b800000| Untracked 
| 139|0x000000008b900000, 0x000000008b900000, 0x000000008ba00000|  0%| F|  |TAMS 0x000000008b900000, 0x000000008b900000| Untracked 
| 140|0x000000008ba00000, 0x000000008ba00000, 0x000000008bb00000|  0%| F|  |TAMS 0x000000008ba00000, 0x000000008ba00000| Untracked 
| 141|0x000000008bb00000, 0x000000008bb00000, 0x000000008bc00000|  0%| F|  |TAMS 0x000000008bb00000, 0x000000008bb00000| Untracked 
| 142|0x000000008bc00000, 0x000000008bc00000, 0x000000008bd00000|  0%| F|  |TAMS 0x000000008bc00000, 0x000000008bc00000| Untracked 
| 143|0x000000008bd00000, 0x000000008bd00000, 0x000000008be00000|  0%| F|  |TAMS 0x000000008bd00000, 0x000000008bd00000| Untracked 
| 144|0x000000008be00000, 0x000000008be00000, 0x000000008bf00000|  0%| F|  |TAMS 0x000000008be00000, 0x000000008be00000| Untracked 
| 145|0x000000008bf00000, 0x000000008bf00000, 0x000000008c000000|  0%| F|  |TAMS 0x000000008bf00000, 0x000000008bf00000| Untracked 
| 146|0x000000008c000000, 0x000000008c000000, 0x000000008c100000|  0%| F|  |TAMS 0x000000008c000000, 0x000000008c000000| Untracked 
| 147|0x000000008c100000, 0x000000008c100000, 0x000000008c200000|  0%| F|  |TAMS 0x000000008c100000, 0x000000008c100000| Untracked 
| 148|0x000000008c200000, 0x000000008c200000, 0x000000008c300000|  0%| F|  |TAMS 0x000000008c200000, 0x000000008c200000| Untracked 
| 149|0x000000008c300000, 0x000000008c300000, 0x000000008c400000|  0%| F|  |TAMS 0x000000008c300000, 0x000000008c300000| Untracked 
| 150|0x000000008c400000, 0x000000008c400000, 0x000000008c500000|  0%| F|  |TAMS 0x000000008c400000, 0x000000008c400000| Untracked 
| 151|0x000000008c500000, 0x000000008c500000, 0x000000008c600000|  0%| F|  |TAMS 0x000000008c500000, 0x000000008c500000| Untracked 
| 152|0x000000008c600000, 0x000000008c600000, 0x000000008c700000|  0%| F|  |TAMS 0x000000008c600000, 0x000000008c600000| Untracked 
| 153|0x000000008c700000, 0x000000008c700000, 0x000000008c800000|  0%| F|  |TAMS 0x000000008c700000, 0x000000008c700000| Untracked 
| 154|0x000000008c800000, 0x000000008c800000, 0x000000008c900000|  0%| F|  |TAMS 0x000000008c800000, 0x000000008c800000| Untracked 
| 155|0x000000008c900000, 0x000000008c900000, 0x000000008ca00000|  0%| F|  |TAMS 0x000000008c900000, 0x000000008c900000| Untracked 
| 156|0x000000008ca00000, 0x000000008ca00000, 0x000000008cb00000|  0%| F|  |TAMS 0x000000008ca00000, 0x000000008ca00000| Untracked 
| 157|0x000000008cb00000, 0x000000008cb00000, 0x000000008cc00000|  0%| F|  |TAMS 0x000000008cb00000, 0x000000008cb00000| Untracked 
| 158|0x000000008cc00000, 0x000000008cc00000, 0x000000008cd00000|  0%| F|  |TAMS 0x000000008cc00000, 0x000000008cc00000| Untracked 
| 159|0x000000008cd00000, 0x000000008cd00000, 0x000000008ce00000|  0%| F|  |TAMS 0x000000008cd00000, 0x000000008cd00000| Untracked 
| 160|0x000000008ce00000, 0x000000008ce00000, 0x000000008cf00000|  0%| F|  |TAMS 0x000000008ce00000, 0x000000008ce00000| Untracked 
| 161|0x000000008cf00000, 0x000000008cf00000, 0x000000008d000000|  0%| F|  |TAMS 0x000000008cf00000, 0x000000008cf00000| Untracked 
| 162|0x000000008d000000, 0x000000008d000000, 0x000000008d100000|  0%| F|  |TAMS 0x000000008d000000, 0x000000008d000000| Untracked 
| 163|0x000000008d100000, 0x000000008d100000, 0x000000008d200000|  0%| F|  |TAMS 0x000000008d100000, 0x000000008d100000| Untracked 
| 164|0x000000008d200000, 0x000000008d200000, 0x000000008d300000|  0%| F|  |TAMS 0x000000008d200000, 0x000000008d200000| Untracked 
| 165|0x000000008d300000, 0x000000008d300000, 0x000000008d400000|  0%| F|  |TAMS 0x000000008d300000, 0x000000008d300000| Untracked 
| 166|0x000000008d400000, 0x000000008d400000, 0x000000008d500000|  0%| F|  |TAMS 0x000000008d400000, 0x000000008d400000| Untracked 
| 167|0x000000008d500000, 0x000000008d500000, 0x000000008d600000|  0%| F|  |TAMS 0x000000008d500000, 0x000000008d500000| Untracked 
| 168|0x000000008d600000, 0x000000008d600000, 0x000000008d700000|  0%| F|  |TAMS 0x000000008d600000, 0x000000008d600000| Untracked 
| 169|0x000000008d700000, 0x000000008d700000, 0x000000008d800000|  0%| F|  |TAMS 0x000000008d700000, 0x000000008d700000| Untracked 
| 170|0x000000008d800000, 0x000000008d800000, 0x000000008d900000|  0%| F|  |TAMS 0x000000008d800000, 0x000000008d800000| Untracked 
| 171|0x000000008d900000, 0x000000008d900000, 0x000000008da00000|  0%| F|  |TAMS 0x000000008d900000, 0x000000008d900000| Untracked 
| 172|0x000000008da00000, 0x000000008da00000, 0x000000008db00000|  0%| F|  |TAMS 0x000000008da00000, 0x000000008da00000| Untracked 
| 173|0x000000008db00000, 0x000000008db00000, 0x000000008dc00000|  0%| F|  |TAMS 0x000000008db00000, 0x000000008db00000| Untracked 
| 174|0x000000008dc00000, 0x000000008dc00000, 0x000000008dd00000|  0%| F|  |TAMS 0x000000008dc00000, 0x000000008dc00000| Untracked 
| 175|0x000000008dd00000, 0x000000008dd00000, 0x000000008de00000|  0%| F|  |TAMS 0x000000008dd00000, 0x000000008dd00000| Untracked 
| 176|0x000000008de00000, 0x000000008de00000, 0x000000008df00000|  0%| F|  |TAMS 0x000000008de00000, 0x000000008de00000| Untracked 
| 177|0x000000008df00000, 0x000000008df00000, 0x000000008e000000|  0%| F|  |TAMS 0x000000008df00000, 0x000000008df00000| Untracked 
| 178|0x000000008e000000, 0x000000008e000000, 0x000000008e100000|  0%| F|  |TAMS 0x000000008e000000, 0x000000008e000000| Untracked 
| 179|0x000000008e100000, 0x000000008e100000, 0x000000008e200000|  0%| F|  |TAMS 0x000000008e100000, 0x000000008e100000| Untracked 
| 180|0x000000008e200000, 0x000000008e200000, 0x000000008e300000|  0%| F|  |TAMS 0x000000008e200000, 0x000000008e200000| Untracked 
| 181|0x000000008e300000, 0x000000008e300000, 0x000000008e400000|  0%| F|  |TAMS 0x000000008e300000, 0x000000008e300000| Untracked 
| 182|0x000000008e400000, 0x000000008e400000, 0x000000008e500000|  0%| F|  |TAMS 0x000000008e400000, 0x000000008e400000| Untracked 
| 183|0x000000008e500000, 0x000000008e500000, 0x000000008e600000|  0%| F|  |TAMS 0x000000008e500000, 0x000000008e500000| Untracked 
| 184|0x000000008e600000, 0x000000008e600000, 0x000000008e700000|  0%| F|  |TAMS 0x000000008e600000, 0x000000008e600000| Untracked 
| 185|0x000000008e700000, 0x000000008e700000, 0x000000008e800000|  0%| F|  |TAMS 0x000000008e700000, 0x000000008e700000| Untracked 
| 186|0x000000008e800000, 0x000000008e800000, 0x000000008e900000|  0%| F|  |TAMS 0x000000008e800000, 0x000000008e800000| Untracked 
| 187|0x000000008e900000, 0x000000008e900000, 0x000000008ea00000|  0%| F|  |TAMS 0x000000008e900000, 0x000000008e900000| Untracked 
| 188|0x000000008ea00000, 0x000000008ea00000, 0x000000008eb00000|  0%| F|  |TAMS 0x000000008ea00000, 0x000000008ea00000| Untracked 
| 189|0x000000008eb00000, 0x000000008eb00000, 0x000000008ec00000|  0%| F|  |TAMS 0x000000008eb00000, 0x000000008eb00000| Untracked 
| 190|0x000000008ec00000, 0x000000008ec00000, 0x000000008ed00000|  0%| F|  |TAMS 0x000000008ec00000, 0x000000008ec00000| Untracked 
| 191|0x000000008ed00000, 0x000000008ed00000, 0x000000008ee00000|  0%| F|  |TAMS 0x000000008ed00000, 0x000000008ed00000| Untracked 
| 192|0x000000008ee00000, 0x000000008ee00000, 0x000000008ef00000|  0%| F|  |TAMS 0x000000008ee00000, 0x000000008ee00000| Untracked 
| 193|0x000000008ef00000, 0x000000008ef00000, 0x000000008f000000|  0%| F|  |TAMS 0x000000008ef00000, 0x000000008ef00000| Untracked 
| 194|0x000000008f000000, 0x000000008f000000, 0x000000008f100000|  0%| F|  |TAMS 0x000000008f000000, 0x000000008f000000| Untracked 
| 195|0x000000008f100000, 0x000000008f100000, 0x000000008f200000|  0%| F|  |TAMS 0x000000008f100000, 0x000000008f100000| Untracked 
| 196|0x000000008f200000, 0x000000008f200000, 0x000000008f300000|  0%| F|  |TAMS 0x000000008f200000, 0x000000008f200000| Untracked 
| 197|0x000000008f300000, 0x000000008f300000, 0x000000008f400000|  0%| F|  |TAMS 0x000000008f300000, 0x000000008f300000| Untracked 
| 198|0x000000008f400000, 0x000000008f400000, 0x000000008f500000|  0%| F|  |TAMS 0x000000008f400000, 0x000000008f400000| Untracked 
| 199|0x000000008f500000, 0x000000008f500000, 0x000000008f600000|  0%| F|  |TAMS 0x000000008f500000, 0x000000008f500000| Untracked 
| 200|0x000000008f600000, 0x000000008f600000, 0x000000008f700000|  0%| F|  |TAMS 0x000000008f600000, 0x000000008f600000| Untracked 
| 201|0x000000008f700000, 0x000000008f700000, 0x000000008f800000|  0%| F|  |TAMS 0x000000008f700000, 0x000000008f700000| Untracked 
| 202|0x000000008f800000, 0x000000008f800000, 0x000000008f900000|  0%| F|  |TAMS 0x000000008f800000, 0x000000008f800000| Untracked 
| 203|0x000000008f900000, 0x000000008f900000, 0x000000008fa00000|  0%| F|  |TAMS 0x000000008f900000, 0x000000008f900000| Untracked 
| 204|0x000000008fa00000, 0x000000008fa00000, 0x000000008fb00000|  0%| F|  |TAMS 0x000000008fa00000, 0x000000008fa00000| Untracked 
| 205|0x000000008fb00000, 0x000000008fb00000, 0x000000008fc00000|  0%| F|  |TAMS 0x000000008fb00000, 0x000000008fb00000| Untracked 
| 206|0x000000008fc00000, 0x000000008fc00000, 0x000000008fd00000|  0%| F|  |TAMS 0x000000008fc00000, 0x000000008fc00000| Untracked 
| 207|0x000000008fd00000, 0x000000008fd00000, 0x000000008fe00000|  0%| F|  |TAMS 0x000000008fd00000, 0x000000008fd00000| Untracked 
| 208|0x000000008fe00000, 0x000000008fe00000, 0x000000008ff00000|  0%| F|  |TAMS 0x000000008fe00000, 0x000000008fe00000| Untracked 
| 209|0x000000008ff00000, 0x000000008ff00000, 0x0000000090000000|  0%| F|  |TAMS 0x000000008ff00000, 0x000000008ff00000| Untracked 
| 210|0x0000000090000000, 0x0000000090000000, 0x0000000090100000|  0%| F|  |TAMS 0x0000000090000000, 0x0000000090000000| Untracked 
| 211|0x0000000090100000, 0x0000000090100000, 0x0000000090200000|  0%| F|  |TAMS 0x0000000090100000, 0x0000000090100000| Untracked 
| 212|0x0000000090200000, 0x0000000090200000, 0x0000000090300000|  0%| F|  |TAMS 0x0000000090200000, 0x0000000090200000| Untracked 
| 213|0x0000000090300000, 0x0000000090300000, 0x0000000090400000|  0%| F|  |TAMS 0x0000000090300000, 0x0000000090300000| Untracked 
| 214|0x0000000090400000, 0x0000000090400000, 0x0000000090500000|  0%| F|  |TAMS 0x0000000090400000, 0x0000000090400000| Untracked 
| 215|0x0000000090500000, 0x0000000090500000, 0x0000000090600000|  0%| F|  |TAMS 0x0000000090500000, 0x0000000090500000| Untracked 
| 216|0x0000000090600000, 0x0000000090600000, 0x0000000090700000|  0%| F|  |TAMS 0x0000000090600000, 0x0000000090600000| Untracked 
| 217|0x0000000090700000, 0x0000000090700000, 0x0000000090800000|  0%| F|  |TAMS 0x0000000090700000, 0x0000000090700000| Untracked 
| 218|0x0000000090800000, 0x0000000090800000, 0x0000000090900000|  0%| F|  |TAMS 0x0000000090800000, 0x0000000090800000| Untracked 
| 219|0x0000000090900000, 0x0000000090900000, 0x0000000090a00000|  0%| F|  |TAMS 0x0000000090900000, 0x0000000090900000| Untracked 
| 220|0x0000000090a00000, 0x0000000090a00000, 0x0000000090b00000|  0%| F|  |TAMS 0x0000000090a00000, 0x0000000090a00000| Untracked 
| 221|0x0000000090b00000, 0x0000000090b00000, 0x0000000090c00000|  0%| F|  |TAMS 0x0000000090b00000, 0x0000000090b00000| Untracked 
| 222|0x0000000090c00000, 0x0000000090c00000, 0x0000000090d00000|  0%| F|  |TAMS 0x0000000090c00000, 0x0000000090c00000| Untracked 
| 223|0x0000000090d00000, 0x0000000090d00000, 0x0000000090e00000|  0%| F|  |TAMS 0x0000000090d00000, 0x0000000090d00000| Untracked 
| 224|0x0000000090e00000, 0x0000000090e00000, 0x0000000090f00000|  0%| F|  |TAMS 0x0000000090e00000, 0x0000000090e00000| Untracked 
| 225|0x0000000090f00000, 0x0000000090f00000, 0x0000000091000000|  0%| F|  |TAMS 0x0000000090f00000, 0x0000000090f00000| Untracked 
| 226|0x0000000091000000, 0x0000000091000000, 0x0000000091100000|  0%| F|  |TAMS 0x0000000091000000, 0x0000000091000000| Untracked 
| 227|0x0000000091100000, 0x0000000091100000, 0x0000000091200000|  0%| F|  |TAMS 0x0000000091100000, 0x0000000091100000| Untracked 
| 228|0x0000000091200000, 0x0000000091200000, 0x0000000091300000|  0%| F|  |TAMS 0x0000000091200000, 0x0000000091200000| Untracked 
| 229|0x0000000091300000, 0x0000000091300000, 0x0000000091400000|  0%| F|  |TAMS 0x0000000091300000, 0x0000000091300000| Untracked 
| 230|0x0000000091400000, 0x00000000914d9d30, 0x0000000091500000| 85%| E|  |TAMS 0x0000000091400000, 0x0000000091400000| Complete 
| 231|0x0000000091500000, 0x0000000091600000, 0x0000000091600000|100%| E|CS|TAMS 0x0000000091500000, 0x0000000091500000| Complete 
| 232|0x0000000091600000, 0x0000000091700000, 0x0000000091700000|100%| E|CS|TAMS 0x0000000091600000, 0x0000000091600000| Complete 
| 233|0x0000000091700000, 0x0000000091800000, 0x0000000091800000|100%| E|CS|TAMS 0x0000000091700000, 0x0000000091700000| Complete 
| 234|0x0000000091800000, 0x0000000091900000, 0x0000000091900000|100%| E|CS|TAMS 0x0000000091800000, 0x0000000091800000| Complete 
| 235|0x0000000091900000, 0x0000000091a00000, 0x0000000091a00000|100%| E|CS|TAMS 0x0000000091900000, 0x0000000091900000| Complete 
| 236|0x0000000091a00000, 0x0000000091b00000, 0x0000000091b00000|100%| E|CS|TAMS 0x0000000091a00000, 0x0000000091a00000| Complete 
| 237|0x0000000091b00000, 0x0000000091c00000, 0x0000000091c00000|100%| E|CS|TAMS 0x0000000091b00000, 0x0000000091b00000| Complete 
| 238|0x0000000091c00000, 0x0000000091d00000, 0x0000000091d00000|100%| E|CS|TAMS 0x0000000091c00000, 0x0000000091c00000| Complete 
| 239|0x0000000091d00000, 0x0000000091e00000, 0x0000000091e00000|100%| E|CS|TAMS 0x0000000091d00000, 0x0000000091d00000| Complete 
| 240|0x0000000091e00000, 0x0000000091f00000, 0x0000000091f00000|100%| E|CS|TAMS 0x0000000091e00000, 0x0000000091e00000| Complete 
| 241|0x0000000091f00000, 0x0000000092000000, 0x0000000092000000|100%| E|CS|TAMS 0x0000000091f00000, 0x0000000091f00000| Complete 
| 242|0x0000000092000000, 0x0000000092100000, 0x0000000092100000|100%| E|CS|TAMS 0x0000000092000000, 0x0000000092000000| Complete 
| 243|0x0000000092100000, 0x0000000092200000, 0x0000000092200000|100%| E|CS|TAMS 0x0000000092100000, 0x0000000092100000| Complete 
| 244|0x0000000092200000, 0x0000000092300000, 0x0000000092300000|100%| E|CS|TAMS 0x0000000092200000, 0x0000000092200000| Complete 
| 245|0x0000000092300000, 0x0000000092400000, 0x0000000092400000|100%| E|CS|TAMS 0x0000000092300000, 0x0000000092300000| Complete 
| 246|0x0000000092400000, 0x0000000092500000, 0x0000000092500000|100%| E|CS|TAMS 0x0000000092400000, 0x0000000092400000| Complete 
| 247|0x0000000092500000, 0x0000000092600000, 0x0000000092600000|100%| E|CS|TAMS 0x0000000092500000, 0x0000000092500000| Complete 
| 248|0x0000000092600000, 0x0000000092700000, 0x0000000092700000|100%| E|CS|TAMS 0x0000000092600000, 0x0000000092600000| Complete 
| 249|0x0000000092700000, 0x0000000092800000, 0x0000000092800000|100%| E|CS|TAMS 0x0000000092700000, 0x0000000092700000| Complete 
| 250|0x0000000092800000, 0x0000000092900000, 0x0000000092900000|100%| E|CS|TAMS 0x0000000092800000, 0x0000000092800000| Complete 
| 251|0x0000000092900000, 0x0000000092a00000, 0x0000000092a00000|100%| E|CS|TAMS 0x0000000092900000, 0x0000000092900000| Complete 
| 252|0x0000000092a00000, 0x0000000092b00000, 0x0000000092b00000|100%| E|CS|TAMS 0x0000000092a00000, 0x0000000092a00000| Complete 
| 253|0x0000000092b00000, 0x0000000092c00000, 0x0000000092c00000|100%| E|CS|TAMS 0x0000000092b00000, 0x0000000092b00000| Complete 
| 254|0x0000000092c00000, 0x0000000092d00000, 0x0000000092d00000|100%| E|CS|TAMS 0x0000000092c00000, 0x0000000092c00000| Complete 
| 255|0x0000000092d00000, 0x0000000092e00000, 0x0000000092e00000|100%| E|CS|TAMS 0x0000000092d00000, 0x0000000092d00000| Complete 
| 256|0x0000000092e00000, 0x0000000092f00000, 0x0000000092f00000|100%| E|CS|TAMS 0x0000000092e00000, 0x0000000092e00000| Complete 
| 257|0x0000000092f00000, 0x0000000093000000, 0x0000000093000000|100%| E|CS|TAMS 0x0000000092f00000, 0x0000000092f00000| Complete 
| 258|0x0000000093000000, 0x0000000093100000, 0x0000000093100000|100%| E|CS|TAMS 0x0000000093000000, 0x0000000093000000| Complete 
| 259|0x0000000093100000, 0x0000000093200000, 0x0000000093200000|100%| E|CS|TAMS 0x0000000093100000, 0x0000000093100000| Complete 
| 260|0x0000000093200000, 0x0000000093300000, 0x0000000093300000|100%| E|CS|TAMS 0x0000000093200000, 0x0000000093200000| Complete 
| 261|0x0000000093300000, 0x0000000093400000, 0x0000000093400000|100%| E|CS|TAMS 0x0000000093300000, 0x0000000093300000| Complete 
| 262|0x0000000093400000, 0x0000000093500000, 0x0000000093500000|100%| E|CS|TAMS 0x0000000093400000, 0x0000000093400000| Complete 
| 263|0x0000000093500000, 0x0000000093600000, 0x0000000093600000|100%| E|CS|TAMS 0x0000000093500000, 0x0000000093500000| Complete 
| 264|0x0000000093600000, 0x0000000093700000, 0x0000000093700000|100%| E|CS|TAMS 0x0000000093600000, 0x0000000093600000| Complete 
| 265|0x0000000093700000, 0x0000000093800000, 0x0000000093800000|100%| E|CS|TAMS 0x0000000093700000, 0x0000000093700000| Complete 
| 266|0x0000000093800000, 0x0000000093900000, 0x0000000093900000|100%| E|CS|TAMS 0x0000000093800000, 0x0000000093800000| Complete 
| 267|0x0000000093900000, 0x0000000093a00000, 0x0000000093a00000|100%| E|CS|TAMS 0x0000000093900000, 0x0000000093900000| Complete 
| 268|0x0000000093a00000, 0x0000000093b00000, 0x0000000093b00000|100%| E|CS|TAMS 0x0000000093a00000, 0x0000000093a00000| Complete 
| 269|0x0000000093b00000, 0x0000000093c00000, 0x0000000093c00000|100%| E|CS|TAMS 0x0000000093b00000, 0x0000000093b00000| Complete 
| 270|0x0000000093c00000, 0x0000000093d00000, 0x0000000093d00000|100%| E|CS|TAMS 0x0000000093c00000, 0x0000000093c00000| Complete 
| 271|0x0000000093d00000, 0x0000000093e00000, 0x0000000093e00000|100%| E|CS|TAMS 0x0000000093d00000, 0x0000000093d00000| Complete 
| 272|0x0000000093e00000, 0x0000000093f00000, 0x0000000093f00000|100%| E|CS|TAMS 0x0000000093e00000, 0x0000000093e00000| Complete 
| 273|0x0000000093f00000, 0x0000000094000000, 0x0000000094000000|100%| E|CS|TAMS 0x0000000093f00000, 0x0000000093f00000| Complete 
| 274|0x0000000094000000, 0x0000000094100000, 0x0000000094100000|100%| E|CS|TAMS 0x0000000094000000, 0x0000000094000000| Complete 
| 275|0x0000000094100000, 0x0000000094200000, 0x0000000094200000|100%| E|CS|TAMS 0x0000000094100000, 0x0000000094100000| Complete 
| 276|0x0000000094200000, 0x0000000094300000, 0x0000000094300000|100%| E|CS|TAMS 0x0000000094200000, 0x0000000094200000| Complete 
| 277|0x0000000094300000, 0x0000000094400000, 0x0000000094400000|100%| E|CS|TAMS 0x0000000094300000, 0x0000000094300000| Complete 
| 278|0x0000000094400000, 0x0000000094500000, 0x0000000094500000|100%| E|CS|TAMS 0x0000000094400000, 0x0000000094400000| Complete 
| 279|0x0000000094500000, 0x0000000094600000, 0x0000000094600000|100%| E|CS|TAMS 0x0000000094500000, 0x0000000094500000| Complete 

Card table byte_map: [0x000001f6ac460000,0x000001f6ac850000] _byte_map_base: 0x000001f6ac049000

Marking Bits (Prev, Next): (CMBitMap*) 0x000001f6a14c5580, (CMBitMap*) 0x000001f6a14c55c0
 Prev Bits: [0x000001f6acc40000, 0x000001f6aeb88000)
 Next Bits: [0x000001f6aeb90000, 0x000001f6b0ad8000)

Polling page: 0x000001f69f410000

Metaspace:

Usage:
  Non-class:     89.53 MB used.
      Class:     13.47 MB used.
       Both:    102.99 MB used.

Virtual space:
  Non-class space:       96.00 MB reserved,      90.00 MB ( 94%) committed,  12 nodes.
      Class space:        1.00 GB reserved,      13.88 MB (  1%) committed,  1 nodes.
             Both:        1.09 GB reserved,     103.88 MB (  9%) committed. 

Chunk freelists:
   Non-Class:  1.50 MB
       Class:  2.01 MB
        Both:  3.51 MB

MaxMetaspaceSize: unlimited
CompressedClassSpaceSize: 1.00 GB
Initial GC threshold: 21.00 MB
Current GC threshold: 164.31 MB
CDS: on
MetaspaceReclaimPolicy: balanced
 - commit_granule_bytes: 65536.
 - commit_granule_words: 8192.
 - virtual_space_node_default_size: 1048576.
 - enlarge_chunks_in_place: 1.
 - new_chunks_are_fully_committed: 0.
 - uncommit_free_chunks: 1.
 - use_allocation_guard: 0.
 - handle_deallocations: 1.


Internal statistics:

num_allocs_failed_limit: 12.
num_arena_births: 1880.
num_arena_deaths: 406.
num_vsnodes_births: 13.
num_vsnodes_deaths: 0.
num_space_committed: 1662.
num_space_uncommitted: 0.
num_chunks_returned_to_freelist: 570.
num_chunks_taken_from_freelist: 6953.
num_chunk_merges: 107.
num_chunk_splits: 4135.
num_chunks_enlarged: 2604.
num_purges: 8.
num_inconsistent_stats: 0.

CodeCache: size=49152Kb used=28765Kb max_used=29629Kb free=20387Kb
 bounds [0x000001f6a8f60000, 0x000001f6aac50000, 0x000001f6abf60000]
 total_blobs=16287 nmethods=15573 adapters=639
 compilation: enabled
              stopped_count=0, restarted_count=0
 full_count=0

Compilation events (20 events):
Event: 724.852 Thread 0x000001f6b3598450 15687       1       org.apache.logging.log4j.core.impl.ExtendedClassInfo::<init> (20 bytes)
Event: 724.852 Thread 0x000001f6b3598450 nmethod 15687 0x000001f6aabfb590 code [0x000001f6aabfb720, 0x000001f6aabfb898]
Event: 724.852 Thread 0x000001f6b3598450 15688       1       org.apache.logging.log4j.core.impl.ThrowableProxyHelper$CacheEntry::<init> (7 bytes)
Event: 724.852 Thread 0x000001f6b3598450 nmethod 15688 0x000001f6aabfb210 code [0x000001f6aabfb3a0, 0x000001f6aabfb4f8]
Event: 724.852 Thread 0x000001f6b3598450 15689       1       org.apache.logging.log4j.core.impl.ThrowableProxyHelper$CacheEntry::<init> (15 bytes)
Event: 724.852 Thread 0x000001f6b3598450 nmethod 15689 0x000001f6aabfae90 code [0x000001f6aabfb020, 0x000001f6aabfb178]
Event: 724.855 Thread 0x000001f6b3598450 15690       1       java.nio.Buffer::checkIndex (24 bytes)
Event: 724.856 Thread 0x000001f6b3598450 nmethod 15690 0x000001f6aabfaa90 code [0x000001f6aabfac40, 0x000001f6aabfadc8]
Event: 724.856 Thread 0x000001f6b3598450 15691       1       java.nio.CharBuffer::charAt (16 bytes)
Event: 724.856 Thread 0x000001f6b3598450 nmethod 15691 0x000001f6aabfa610 code [0x000001f6aabfa7c0, 0x000001f6aabfa998]
Event: 724.856 Thread 0x000001f6b3598450 15692       1       java.nio.HeapCharBuffer::get (15 bytes)
Event: 724.856 Thread 0x000001f6b3598450 nmethod 15692 0x000001f6aabfa210 code [0x000001f6aabfa3a0, 0x000001f6aabfa4b8]
Event: 724.857 Thread 0x000001f6b3598450 15693       1       java.lang.StackTraceElement::toString (322 bytes)
Event: 724.858 Thread 0x000001f6b3598450 nmethod 15693 0x000001f6aabf7e10 code [0x000001f6aabf8240, 0x000001f6aabf9778]
Event: 724.858 Thread 0x000001f6b3598450 15694       1       java.lang.StackTraceElement::dropClassLoaderName (16 bytes)
Event: 724.858 Thread 0x000001f6b3598450 nmethod 15694 0x000001f6aabf7b10 code [0x000001f6aabf7ca0, 0x000001f6aabf7d78]
Event: 754.053 Thread 0x000001f6b3598450 15695       1       java.net.NetworkInterface::<init> (15 bytes)
Event: 754.053 Thread 0x000001f6b3598450 nmethod 15695 0x000001f6aabf7810 code [0x000001f6aabf79a0, 0x000001f6aabf7a98]
Event: 754.053 Thread 0x000001f6b3598450 15696       1       java.net.NetworkInterface$1::nextElement (37 bytes)
Event: 754.053 Thread 0x000001f6b3598450 nmethod 15696 0x000001f6aabf7390 code [0x000001f6aabf7540, 0x000001f6aabf76e8]

GC Heap History (20 events):
Event: 628.373 GC heap before
{Heap before GC invocations=67 (full 3):
 garbage-first heap   total 208896K, used 160574K [0x0000000082e00000, 0x0000000100000000)
  region size 1024K, 99 young (101376K), 9 survivors (9216K)
 Metaspace       used 100094K, committed 100928K, reserved 1138688K
  class space    used 13288K, committed 13696K, reserved 1048576K
}
Event: 628.452 GC heap after
{Heap after GC invocations=68 (full 4):
 garbage-first heap   total 198656K, used 56136K [0x0000000082e00000, 0x0000000100000000)
  region size 1024K, 0 young (0K), 0 survivors (0K)
 Metaspace       used 99993K, committed 100928K, reserved 1138688K
  class space    used 13271K, committed 13696K, reserved 1048576K
}
Event: 629.599 GC heap before
{Heap before GC invocations=68 (full 4):
 garbage-first heap   total 198656K, used 166728K [0x0000000082e00000, 0x0000000100000000)
  region size 1024K, 108 young (110592K), 0 survivors (0K)
 Metaspace       used 101472K, committed 102272K, reserved 1138688K
  class space    used 13434K, committed 13824K, reserved 1048576K
}
Event: 629.609 GC heap after
{Heap after GC invocations=69 (full 4):
 garbage-first heap   total 198656K, used 63092K [0x0000000082e00000, 0x0000000100000000)
  region size 1024K, 7 young (7168K), 7 survivors (7168K)
 Metaspace       used 101472K, committed 102272K, reserved 1138688K
  class space    used 13434K, committed 13824K, reserved 1048576K
}
Event: 630.096 GC heap before
{Heap before GC invocations=69 (full 4):
 garbage-first heap   total 198656K, used 164468K [0x0000000082e00000, 0x0000000100000000)
  region size 1024K, 106 young (108544K), 7 survivors (7168K)
 Metaspace       used 102555K, committed 103424K, reserved 1138688K
  class space    used 13527K, committed 13952K, reserved 1048576K
}
Event: 630.103 GC heap after
{Heap after GC invocations=70 (full 4):
 garbage-first heap   total 198656K, used 65693K [0x0000000082e00000, 0x0000000100000000)
  region size 1024K, 10 young (10240K), 10 survivors (10240K)
 Metaspace       used 102555K, committed 103424K, reserved 1138688K
  class space    used 13527K, committed 13952K, reserved 1048576K
}
Event: 630.273 GC heap before
{Heap before GC invocations=70 (full 4):
 garbage-first heap   total 198656K, used 163997K [0x0000000082e00000, 0x0000000100000000)
  region size 1024K, 106 young (108544K), 10 survivors (10240K)
 Metaspace       used 102762K, committed 103616K, reserved 1146880K
  class space    used 13543K, committed 13952K, reserved 1048576K
}
Event: 630.281 GC heap after
{Heap after GC invocations=71 (full 4):
 garbage-first heap   total 198656K, used 67622K [0x0000000082e00000, 0x0000000100000000)
  region size 1024K, 6 young (6144K), 6 survivors (6144K)
 Metaspace       used 102762K, committed 103616K, reserved 1146880K
  class space    used 13543K, committed 13952K, reserved 1048576K
}
Event: 630.558 GC heap before
{Heap before GC invocations=71 (full 4):
 garbage-first heap   total 198656K, used 164902K [0x0000000082e00000, 0x0000000100000000)
  region size 1024K, 101 young (103424K), 6 survivors (6144K)
 Metaspace       used 103237K, committed 104128K, reserved 1146880K
  class space    used 13595K, committed 14016K, reserved 1048576K
}
Event: 630.563 GC heap after
{Heap after GC invocations=72 (full 4):
 garbage-first heap   total 198656K, used 68019K [0x0000000082e00000, 0x0000000100000000)
  region size 1024K, 6 young (6144K), 6 survivors (6144K)
 Metaspace       used 103237K, committed 104128K, reserved 1146880K
  class space    used 13595K, committed 14016K, reserved 1048576K
}
Event: 630.827 GC heap before
{Heap before GC invocations=72 (full 4):
 garbage-first heap   total 198656K, used 166323K [0x0000000082e00000, 0x0000000100000000)
  region size 1024K, 102 young (104448K), 6 survivors (6144K)
 Metaspace       used 103458K, committed 104320K, reserved 1146880K
  class space    used 13613K, committed 14016K, reserved 1048576K
}
Event: 630.833 GC heap after
{Heap after GC invocations=73 (full 4):
 garbage-first heap   total 238592K, used 69003K [0x0000000082e00000, 0x0000000100000000)
  region size 1024K, 7 young (7168K), 7 survivors (7168K)
 Metaspace       used 103458K, committed 104320K, reserved 1146880K
  class space    used 13613K, committed 14016K, reserved 1048576K
}
Event: 631.227 GC heap before
{Heap before GC invocations=73 (full 4):
 garbage-first heap   total 238592K, used 200075K [0x0000000082e00000, 0x0000000100000000)
  region size 1024K, 135 young (138240K), 7 survivors (7168K)
 Metaspace       used 103839K, committed 104704K, reserved 1146880K
  class space    used 13642K, committed 14080K, reserved 1048576K
}
Event: 631.235 GC heap after
{Heap after GC invocations=74 (full 4):
 garbage-first heap   total 238592K, used 70525K [0x0000000082e00000, 0x0000000100000000)
  region size 1024K, 9 young (9216K), 9 survivors (9216K)
 Metaspace       used 103839K, committed 104704K, reserved 1146880K
  class space    used 13642K, committed 14080K, reserved 1048576K
}
Event: 631.581 GC heap before
{Heap before GC invocations=74 (full 4):
 garbage-first heap   total 238592K, used 200573K [0x0000000082e00000, 0x0000000100000000)
  region size 1024K, 136 young (139264K), 9 survivors (9216K)
 Metaspace       used 104129K, committed 105024K, reserved 1146880K
  class space    used 13662K, committed 14080K, reserved 1048576K
}
Event: 631.592 GC heap after
{Heap after GC invocations=75 (full 4):
 garbage-first heap   total 238592K, used 71641K [0x0000000082e00000, 0x0000000100000000)
  region size 1024K, 10 young (10240K), 10 survivors (10240K)
 Metaspace       used 104129K, committed 105024K, reserved 1146880K
  class space    used 13662K, committed 14080K, reserved 1048576K
}
Event: 632.021 GC heap before
{Heap before GC invocations=75 (full 4):
 garbage-first heap   total 238592K, used 199641K [0x0000000082e00000, 0x0000000100000000)
  region size 1024K, 135 young (138240K), 10 survivors (10240K)
 Metaspace       used 104831K, committed 105728K, reserved 1146880K
  class space    used 13707K, committed 14144K, reserved 1048576K
}
Event: 632.033 GC heap after
{Heap after GC invocations=76 (full 4):
 garbage-first heap   total 238592K, used 74121K [0x0000000082e00000, 0x0000000100000000)
  region size 1024K, 9 young (9216K), 9 survivors (9216K)
 Metaspace       used 104831K, committed 105728K, reserved 1146880K
  class space    used 13707K, committed 14144K, reserved 1048576K
}
Event: 700.998 GC heap before
{Heap before GC invocations=76 (full 4):
 garbage-first heap   total 238592K, used 201097K [0x0000000082e00000, 0x0000000100000000)
  region size 1024K, 133 young (136192K), 9 survivors (9216K)
 Metaspace       used 105060K, committed 105984K, reserved 1146880K
  class space    used 13730K, committed 14208K, reserved 1048576K
}
Event: 701.006 GC heap after
{Heap after GC invocations=77 (full 4):
 garbage-first heap   total 286720K, used 75511K [0x0000000082e00000, 0x0000000100000000)
  region size 1024K, 11 young (11264K), 11 survivors (11264K)
 Metaspace       used 105060K, committed 105984K, reserved 1146880K
  class space    used 13730K, committed 14208K, reserved 1048576K
}

Deoptimization events (20 events):
Event: 754.044 Thread 0x000001f6bc8c6300 DEOPT PACKING pc=0x000001f6a9406c54 sp=0x00000014031ff030
Event: 754.044 Thread 0x000001f6bc8c6300 DEOPT UNPACKING pc=0x000001f6a8fb2b43 sp=0x00000014031fe520 mode 1
Event: 754.044 Thread 0x000001f6bc8c6300 DEOPT PACKING pc=0x000001f6a9193cf4 sp=0x00000014031ff190
Event: 754.044 Thread 0x000001f6bc8c6300 DEOPT UNPACKING pc=0x000001f6a8fb2b43 sp=0x00000014031fe6f0 mode 1
Event: 754.044 Thread 0x000001f6bc8c6300 DEOPT PACKING pc=0x000001f6a93961dc sp=0x00000014031fe4a0
Event: 754.044 Thread 0x000001f6bc8c6300 DEOPT UNPACKING pc=0x000001f6a8fb2b43 sp=0x00000014031fd938 mode 1
Event: 754.044 Thread 0x000001f6bc8c6300 DEOPT PACKING pc=0x000001f6a938b37c sp=0x00000014031fe570
Event: 754.044 Thread 0x000001f6bc8c6300 DEOPT UNPACKING pc=0x000001f6a8fb2b43 sp=0x00000014031fda28 mode 1
Event: 754.044 Thread 0x000001f6bc8c6300 DEOPT PACKING pc=0x000001f6a9406c54 sp=0x00000014031fef90
Event: 754.044 Thread 0x000001f6bc8c6300 DEOPT UNPACKING pc=0x000001f6a8fb2b43 sp=0x00000014031fe468 mode 1
Event: 754.044 Thread 0x000001f6bc8c6300 DEOPT PACKING pc=0x000001f6a96f42ac sp=0x00000014031ff030
Event: 754.044 Thread 0x000001f6bc8c6300 DEOPT UNPACKING pc=0x000001f6a8fb2b43 sp=0x00000014031fe5b8 mode 1
Event: 754.044 Thread 0x000001f6bc8c6300 DEOPT PACKING pc=0x000001f6a93961dc sp=0x00000014031fe540
Event: 754.044 Thread 0x000001f6bc8c6300 DEOPT UNPACKING pc=0x000001f6a8fb2b43 sp=0x00000014031fd9d8 mode 1
Event: 754.044 Thread 0x000001f6bc8c6300 DEOPT PACKING pc=0x000001f6a938b37c sp=0x00000014031fe610
Event: 754.044 Thread 0x000001f6bc8c6300 DEOPT UNPACKING pc=0x000001f6a8fb2b43 sp=0x00000014031fdac8 mode 1
Event: 754.044 Thread 0x000001f6bc8c6300 DEOPT PACKING pc=0x000001f6a9406c54 sp=0x00000014031ff030
Event: 754.044 Thread 0x000001f6bc8c6300 DEOPT UNPACKING pc=0x000001f6a8fb2b43 sp=0x00000014031fe520 mode 1
Event: 754.044 Thread 0x000001f6bc8c6300 DEOPT PACKING pc=0x000001f6a9193cf4 sp=0x00000014031ff190
Event: 754.044 Thread 0x000001f6bc8c6300 DEOPT UNPACKING pc=0x000001f6a8fb2b43 sp=0x00000014031fe6f0 mode 1

Classes unloaded (20 events):
Event: 628.400 Thread 0x000001f6b3560ee0 Unloading class 0x0000000801951000 'jdk/internal/reflect/GeneratedSerializationConstructorAccessor192'
Event: 628.400 Thread 0x000001f6b3560ee0 Unloading class 0x0000000801950800 'jdk/internal/reflect/GeneratedSerializationConstructorAccessor191'
Event: 628.400 Thread 0x000001f6b3560ee0 Unloading class 0x0000000801950400 'jdk/internal/reflect/GeneratedSerializationConstructorAccessor190'
Event: 628.400 Thread 0x000001f6b3560ee0 Unloading class 0x000000080194a400 'jdk/internal/reflect/GeneratedSerializationConstructorAccessor189'
Event: 628.400 Thread 0x000001f6b3560ee0 Unloading class 0x000000080194a000 'jdk/internal/reflect/GeneratedSerializationConstructorAccessor188'
Event: 628.400 Thread 0x000001f6b3560ee0 Unloading class 0x0000000801949400 'jdk/internal/reflect/GeneratedSerializationConstructorAccessor187'
Event: 628.400 Thread 0x000001f6b3560ee0 Unloading class 0x0000000801948c00 'jdk/internal/reflect/GeneratedSerializationConstructorAccessor186'
Event: 628.400 Thread 0x000001f6b3560ee0 Unloading class 0x0000000801948800 'jdk/internal/reflect/GeneratedSerializationConstructorAccessor185'
Event: 628.400 Thread 0x000001f6b3560ee0 Unloading class 0x0000000801943c00 'jdk/internal/reflect/GeneratedSerializationConstructorAccessor184'
Event: 628.400 Thread 0x000001f6b3560ee0 Unloading class 0x0000000801942c00 'jdk/internal/reflect/GeneratedSerializationConstructorAccessor183'
Event: 628.400 Thread 0x000001f6b3560ee0 Unloading class 0x0000000801942000 'jdk/internal/reflect/GeneratedSerializationConstructorAccessor182'
Event: 628.400 Thread 0x000001f6b3560ee0 Unloading class 0x000000080193a000 'jdk/internal/reflect/GeneratedSerializationConstructorAccessor181'
Event: 628.400 Thread 0x000001f6b3560ee0 Unloading class 0x0000000801939400 'jdk/internal/reflect/GeneratedSerializationConstructorAccessor180'
Event: 628.400 Thread 0x000001f6b3560ee0 Unloading class 0x000000080192e000 'jdk/internal/reflect/GeneratedSerializationConstructorAccessor159'
Event: 628.400 Thread 0x000001f6b3560ee0 Unloading class 0x000000080192d800 'jdk/internal/reflect/GeneratedSerializationConstructorAccessor158'
Event: 628.400 Thread 0x000001f6b3560ee0 Unloading class 0x00000008018e9000 'org/apache/catalina/loader/JdbcLeakPrevention'
Event: 628.400 Thread 0x000001f6b3560ee0 Unloading class 0x0000000800da1c00 'jdk/internal/reflect/GeneratedSerializationConstructorAccessor9'
Event: 628.400 Thread 0x000001f6b3560ee0 Unloading class 0x0000000800d99800 'jdk/internal/reflect/GeneratedSerializationConstructorAccessor7'
Event: 628.400 Thread 0x000001f6b3560ee0 Unloading class 0x0000000800d99400 'jdk/internal/reflect/GeneratedSerializationConstructorAccessor6'
Event: 628.400 Thread 0x000001f6b3560ee0 Unloading class 0x0000000800d99000 'jdk/internal/reflect/GeneratedSerializationConstructorAccessor5'

Classes redefined (20 events):
Event: 624.957 Thread 0x000001f6b3560ee0 redefined class name=artstock.api2.entity.QNoticeEntity, count=1
Event: 624.957 Thread 0x000001f6b3560ee0 redefined class name=artstock.api2.entity.QPublicRelationsEntity, count=1
Event: 624.957 Thread 0x000001f6b3560ee0 redefined class name=artstock.api2.entity.QPublicRelationsEntity, count=1
Event: 624.957 Thread 0x000001f6b3560ee0 redefined class name=artstock.api2.entity.QRoleMgmtEntity, count=1
Event: 624.957 Thread 0x000001f6b3560ee0 redefined class name=artstock.api2.entity.QRoleMgmtEntity, count=1
Event: 624.957 Thread 0x000001f6b3560ee0 redefined class name=artstock.api2.entity.QRoleMgmtEntity, count=1
Event: 624.957 Thread 0x000001f6b3560ee0 redefined class name=artstock.api2.entity.QSymbolEntity, count=1
Event: 624.957 Thread 0x000001f6b3560ee0 redefined class name=artstock.api2.entity.QSymbolEntity, count=1
Event: 624.957 Thread 0x000001f6b3560ee0 redefined class name=artstock.api2.entity.QSymbolEntity, count=1
Event: 624.957 Thread 0x000001f6b3560ee0 redefined class name=artstock.api2.entity.QSymbolOrderEntity, count=1
Event: 624.957 Thread 0x000001f6b3560ee0 redefined class name=artstock.api2.entity.QSymbolOrderEntity, count=1
Event: 624.957 Thread 0x000001f6b3560ee0 redefined class name=artstock.api2.entity.QSymbolOrderExecutionEntity, count=1
Event: 624.957 Thread 0x000001f6b3560ee0 redefined class name=artstock.api2.entity.QSymbolOrderExecutionEntity, count=1
Event: 624.957 Thread 0x000001f6b3560ee0 redefined class name=artstock.notification.entity.QDevice, count=1
Event: 624.957 Thread 0x000001f6b3560ee0 redefined class name=artstock.notification.entity.QDevice, count=1
Event: 755.397 Thread 0x000001f6b3560ee0 redefined class name=artstock.api2.service.NoticeService, count=1
Event: 755.397 Thread 0x000001f6b3560ee0 redefined class name=artstock.api2.service.NoticeService, count=1
Event: 755.397 Thread 0x000001f6b3560ee0 redefined class name=artstock.api2.service.NoticeService, count=1
Event: 755.397 Thread 0x000001f6b3560ee0 redefined class name=artstock.api2.service.NoticeService, count=2
Event: 755.397 Thread 0x000001f6b3560ee0 redefined class name=artstock.api2.service.NoticeService, count=1

Internal exceptions (20 events):
Event: 631.864 Thread 0x000001f6bc8c6ca0 Exception <a 'java/lang/ClassNotFoundException'{0x000000008c5eacc8}: java/lang/ObjectCustomizer> (0x000000008c5eacc8) 
thrown [s\src\hotspot\share\classfile\systemDictionary.cpp, line 256]
Event: 631.865 Thread 0x000001f6bc8c6ca0 Exception <a 'java/lang/ClassNotFoundException'{0x000000008c5f72e0}: org/springframework/security/config/annotation/web/configuration/WebSecurityConfigurerAdapterCustomizer> (0x000000008c5f72e0) 
thrown [s\src\hotspot\share\classfile\systemDictionary.cpp, line 256]
Event: 631.866 Thread 0x000001f6bc8c6ca0 Exception <a 'java/lang/ClassNotFoundException'{0x000000008c409830}: artstock/config/SecurityConfigCustomizer> (0x000000008c409830) 
thrown [s\src\hotspot\share\classfile\systemDictionary.cpp, line 256]
Event: 631.866 Thread 0x000001f6bc8c6ca0 Exception <a 'java/lang/ClassNotFoundException'{0x000000008c416b98}: artstock/config/SecurityConfig$$EnhancerBySpringCGLIB$$ef61b48dCustomizer> (0x000000008c416b98) 
thrown [s\src\hotspot\share\classfile\systemDictionary.cpp, line 256]
Event: 631.867 Thread 0x000001f6bc8c6ca0 Exception <a 'java/lang/ClassNotFoundException'{0x000000008c430878}: org/springframework/context/annotation/ConfigurationClassEnhancer$EnhancedConfigurationCustomizer> (0x000000008c430878) 
thrown [s\src\hotspot\share\classfile\systemDictionary.cpp, line 256]
Event: 631.867 Thread 0x000001f6bc8c6ca0 Exception <a 'java/lang/ClassNotFoundException'{0x000000008c4385d0}: org/springframework/beans/factory/BeanFactoryAwareCustomizer> (0x000000008c4385d0) 
thrown [s\src\hotspot\share\classfile\systemDictionary.cpp, line 256]
Event: 631.868 Thread 0x000001f6bc8c6ca0 Exception <a 'java/lang/ClassNotFoundException'{0x000000008c441728}: org/springframework/beans/factory/AwareCustomizer> (0x000000008c441728) 
thrown [s\src\hotspot\share\classfile\systemDictionary.cpp, line 256]
Event: 631.868 Thread 0x000001f6bc8c6ca0 Exception <a 'java/lang/ClassNotFoundException'{0x000000008c449fb8}: org/springframework/security/config/annotation/web/WebSecurityConfigurerCustomizer> (0x000000008c449fb8) 
thrown [s\src\hotspot\share\classfile\systemDictionary.cpp, line 256]
Event: 631.869 Thread 0x000001f6bc8c6ca0 Exception <a 'java/lang/ClassNotFoundException'{0x000000008c4525b0}: org/springframework/security/config/annotation/SecurityConfigurerCustomizer> (0x000000008c4525b0) 
thrown [s\src\hotspot\share\classfile\systemDictionary.cpp, line 256]
Event: 631.898 Thread 0x000001f6bc8c6ca0 Exception <a 'java/lang/ClassNotFoundException'{0x000000008c0e9fb0}: artstock/notification/entity/DeviceBeanInfo> (0x000000008c0e9fb0) 
thrown [s\src\hotspot\share\classfile\systemDictionary.cpp, line 256]
Event: 631.899 Thread 0x000001f6bc8c6ca0 Exception <a 'java/lang/ClassNotFoundException'{0x000000008c0f2530}: artstock/notification/entity/DeviceCustomizer> (0x000000008c0f2530) 
thrown [s\src\hotspot\share\classfile\systemDictionary.cpp, line 256]
Event: 631.963 Thread 0x000001f6bc8c6ca0 Exception <a 'java/lang/ClassNotFoundException'{0x000000008a507ce0}: java/lang/ObjectCustomizer> (0x000000008a507ce0) 
thrown [s\src\hotspot\share\classfile\systemDictionary.cpp, line 256]
Event: 631.964 Thread 0x000001f6bc8c6ca0 Exception <a 'java/lang/ClassNotFoundException'{0x000000008a5141e8}: artstock/notification/entity/MessageCustomizer> (0x000000008a5141e8) 
thrown [s\src\hotspot\share\classfile\systemDictionary.cpp, line 256]
Event: 631.974 Thread 0x000001f6bc8c6ca0 Exception <a 'java/lang/ClassNotFoundException'{0x000000008a2d3250}: artstock/notification/vo/IMessageInfoVOCustomizer> (0x000000008a2d3250) 
thrown [s\src\hotspot\share\classfile\systemDictionary.cpp, line 256]
Event: 632.130 Thread 0x000001f6bc8c6ca0 Exception <a 'java/lang/ClassNotFoundException'{0x00000000901fab40}: java/lang/ObjectCustomizer> (0x00000000901fab40) 
thrown [s\src\hotspot\share\classfile\systemDictionary.cpp, line 256]
Event: 632.131 Thread 0x000001f6bc8c6ca0 Exception <a 'java/lang/ClassNotFoundException'{0x0000000090006570}: artstock/api2/entity/DepositWdrwHistEntityCustomizer> (0x0000000090006570) 
thrown [s\src\hotspot\share\classfile\systemDictionary.cpp, line 256]
Event: 633.313 Thread 0x000001f6bc8c3480 Exception <a 'java/net/ConnectException'{0x000000008ca80e38}: Connection refused: connect> (0x000000008ca80e38) 
thrown [s\src\hotspot\share\prims\jni.cpp, line 535]
Event: 633.313 Thread 0x000001f6bc8c3480 Exception <a 'java/net/SocketException'{0x000000008ca81170}: Socket is not connected: shutdown> (0x000000008ca81170) 
thrown [s\src\hotspot\share\prims\jni.cpp, line 535]
Event: 724.845 Thread 0x000001f6b912dbe0 Exception <a 'java/lang/reflect/InvocationTargetException'{0x00000000926ace88}> (0x00000000926ace88) 
thrown [s\src\hotspot\share\runtime\reflection.cpp, line 1121]
Event: 724.848 Thread 0x000001f6b912dbe0 Exception <a 'java/lang/reflect/InvocationTargetException'{0x00000000926f0c88}> (0x00000000926f0c88) 
thrown [s\src\hotspot\share\runtime\reflection.cpp, line 1121]

VM Operations (20 events):
Event: 755.505 Executing VM operation: ChangeBreakpoints
Event: 755.508 Executing VM operation: ChangeBreakpoints done
Event: 755.509 Executing VM operation: ChangeBreakpoints
Event: 755.512 Executing VM operation: ChangeBreakpoints done
Event: 755.512 Executing VM operation: ChangeBreakpoints
Event: 755.516 Executing VM operation: ChangeBreakpoints done
Event: 755.517 Executing VM operation: ChangeSingleStep
Event: 755.517 Executing VM operation: ChangeSingleStep done
Event: 755.518 Executing VM operation: get/set locals
Event: 755.518 Executing VM operation: get/set locals done
Event: 755.519 Executing VM operation: ChangeSingleStep
Event: 755.519 Executing VM operation: ChangeSingleStep done
Event: 755.520 Executing VM operation: GetObjectMonitorUsage
Event: 755.521 Executing VM operation: GetObjectMonitorUsage done
Event: 755.521 Executing VM operation: GetObjectMonitorUsage
Event: 755.521 Executing VM operation: GetObjectMonitorUsage done
Event: 755.526 Executing VM operation: GetObjectMonitorUsage
Event: 755.526 Executing VM operation: GetObjectMonitorUsage done
Event: 755.526 Executing VM operation: GetObjectMonitorUsage
Event: 755.526 Executing VM operation: GetObjectMonitorUsage done

Events (20 events):
Event: 724.496 loading class java/time/zone/ZoneRulesProvider
Event: 724.498 loading class java/time/zone/ZoneRulesProvider done
Event: 724.498 loading class java/time/zone/ZoneRulesProvider$1
Event: 724.498 loading class java/time/zone/ZoneRulesProvider$1 done
Event: 724.498 loading class java/time/zone/TzdbZoneRulesProvider
Event: 724.498 loading class java/time/zone/TzdbZoneRulesProvider done
Event: 724.535 loading class java/time/zone/Ser
Event: 724.536 loading class java/time/zone/Ser done
Event: 724.536 loading class java/time/zone/ZoneOffsetTransition
Event: 724.537 loading class java/time/zone/ZoneOffsetTransition done
Event: 724.853 loading class java/util/Scanner
Event: 724.854 loading class java/util/Scanner done
Event: 724.855 loading class java/util/Scanner$PatternLRUCache
Event: 724.855 loading class java/util/Scanner$PatternLRUCache done
Event: 724.856 loading class java/util/regex/Matcher$ImmutableMatchResult
Event: 724.856 loading class java/util/regex/Matcher$ImmutableMatchResult done
Event: 724.861 Thread 0x000001f6b912dbe0 Thread exited: 0x000001f6b912dbe0
Event: 754.044 Thread 0x000001f6b512b930 Thread added: 0x000001f6b512b930
Event: 754.044 Thread 0x000001f6bc8c6300 Thread exited: 0x000001f6bc8c6300
Event: 754.054 Thread 0x000001f6b512a120 Thread exited: 0x000001f6b512a120


Dynamic libraries:
0x00007ff773850000 - 0x00007ff77385d000 	C:\Program Files\Amazon Corretto\jdk17.0.4_8\bin\javaw.exe
0x00007ffa070d0000 - 0x00007ffa072c8000 	C:\WINDOWS\SYSTEM32\ntdll.dll
0x00007ffa06cf0000 - 0x00007ffa06dad000 	C:\WINDOWS\System32\KERNEL32.DLL
0x00007ffa04b10000 - 0x00007ffa04dde000 	C:\WINDOWS\System32\KERNELBASE.dll
0x00007ffa049e0000 - 0x00007ffa04ae0000 	C:\WINDOWS\System32\ucrtbase.dll
0x00007ff9fd250000 - 0x00007ff9fd268000 	C:\Program Files\Amazon Corretto\jdk17.0.4_8\bin\jli.dll
0x00007ff9fd190000 - 0x00007ff9fd1a5000 	C:\Program Files\Amazon Corretto\jdk17.0.4_8\bin\VCRUNTIME140.dll
0x00007ffa05bd0000 - 0x00007ffa05d70000 	C:\WINDOWS\System32\USER32.dll
0x00007ffa03c00000 - 0x00007ffa03e9a000 	C:\WINDOWS\WinSxS\amd64_microsoft.windows.common-controls_6595b64144ccf1df_6.0.19041.1110_none_60b5254171f9507e\COMCTL32.dll
0x00007ffa04ae0000 - 0x00007ffa04b02000 	C:\WINDOWS\System32\win32u.dll
0x00007ffa06270000 - 0x00007ffa0630e000 	C:\WINDOWS\System32\msvcrt.dll
0x00007ffa052a0000 - 0x00007ffa052ca000 	C:\WINDOWS\System32\GDI32.dll
0x00007ffa04f30000 - 0x00007ffa0503b000 	C:\WINDOWS\System32\gdi32full.dll
0x00007ffa04de0000 - 0x00007ffa04e7d000 	C:\WINDOWS\System32\msvcp_win.dll
0x00007ffa05250000 - 0x00007ffa05280000 	C:\WINDOWS\System32\IMM32.DLL
0x00007ff9d1eb0000 - 0x00007ff9d1f4b000 	C:\Program Files\Amazon Corretto\jdk17.0.4_8\bin\msvcp140.dll
0x00007ff965df0000 - 0x00007ff966a04000 	C:\Program Files\Amazon Corretto\jdk17.0.4_8\bin\server\jvm.dll
0x00007ffa063e0000 - 0x00007ffa0648e000 	C:\WINDOWS\System32\ADVAPI32.dll
0x00007ffa06490000 - 0x00007ffa0652c000 	C:\WINDOWS\System32\sechost.dll
0x00007ffa060e0000 - 0x00007ffa06205000 	C:\WINDOWS\System32\RPCRT4.dll
0x00007ffa06670000 - 0x00007ffa06678000 	C:\WINDOWS\System32\PSAPI.DLL
0x00007ff9e9aa0000 - 0x00007ff9e9aa9000 	C:\WINDOWS\SYSTEM32\WSOCK32.dll
0x00007ffa01580000 - 0x00007ffa0158a000 	C:\WINDOWS\SYSTEM32\VERSION.dll
0x00007ff9ec880000 - 0x00007ff9ec8a7000 	C:\WINDOWS\SYSTEM32\WINMM.dll
0x00007ffa06680000 - 0x00007ffa066eb000 	C:\WINDOWS\System32\WS2_32.dll
0x00007ffa01910000 - 0x00007ffa01922000 	C:\WINDOWS\SYSTEM32\kernel.appcore.dll
0x00007ff9fd220000 - 0x00007ff9fd22a000 	C:\Program Files\Amazon Corretto\jdk17.0.4_8\bin\jimage.dll
0x00007ffa04080000 - 0x00007ffa04264000 	C:\WINDOWS\SYSTEM32\DBGHELP.DLL
0x00007ffa03fd0000 - 0x00007ffa03ffc000 	C:\WINDOWS\SYSTEM32\dbgcore.DLL
0x00007ffa047f0000 - 0x00007ffa04872000 	C:\WINDOWS\System32\bcryptPrimitives.dll
0x00007ff9fb1e0000 - 0x00007ff9fb219000 	C:\Program Files\Amazon Corretto\jdk17.0.4_8\bin\jdwp.dll
0x00007ff9fd180000 - 0x00007ff9fd18e000 	C:\Program Files\Amazon Corretto\jdk17.0.4_8\bin\instrument.dll
0x00007ff9fac60000 - 0x00007ff9fac85000 	C:\Program Files\Amazon Corretto\jdk17.0.4_8\bin\java.dll
0x00007ff985200000 - 0x00007ff9852d6000 	C:\Program Files\Amazon Corretto\jdk17.0.4_8\bin\jsvml.dll
0x00007ffa053d0000 - 0x00007ffa05b14000 	C:\WINDOWS\System32\SHELL32.dll
0x00007ffa01b10000 - 0x00007ffa022a4000 	C:\WINDOWS\SYSTEM32\windows.storage.dll
0x00007ffa05d80000 - 0x00007ffa060d4000 	C:\WINDOWS\System32\combase.dll
0x00007ffa03b60000 - 0x00007ffa03b90000 	C:\WINDOWS\SYSTEM32\Wldp.dll
0x00007ffa05b20000 - 0x00007ffa05bcd000 	C:\WINDOWS\System32\SHCORE.dll
0x00007ffa066f0000 - 0x00007ffa06745000 	C:\WINDOWS\System32\shlwapi.dll
0x00007ffa04730000 - 0x00007ffa0474f000 	C:\WINDOWS\SYSTEM32\profapi.dll
0x00007ff9fb4b0000 - 0x00007ff9fb4bc000 	C:\Program Files\Amazon Corretto\jdk17.0.4_8\bin\dt_socket.dll
0x00007ffa03570000 - 0x00007ffa035ab000 	C:\WINDOWS\SYSTEM32\IPHLPAPI.DLL
0x00007ffa03a00000 - 0x00007ffa03a6a000 	C:\WINDOWS\system32\mswsock.dll
0x00007ffa035b0000 - 0x00007ffa0367b000 	C:\WINDOWS\SYSTEM32\DNSAPI.dll
0x00007ffa05d70000 - 0x00007ffa05d78000 	C:\WINDOWS\System32\NSI.dll
0x00007ff9f8ec0000 - 0x00007ff9f8eca000 	C:\Windows\System32\rasadhlp.dll
0x00007ff9f50c0000 - 0x00007ff9f5140000 	C:\WINDOWS\System32\fwpuclnt.dll
0x00007ffa050b0000 - 0x00007ffa050d7000 	C:\WINDOWS\System32\bcrypt.dll
0x00007ff9eba70000 - 0x00007ff9eba88000 	C:\Program Files\Amazon Corretto\jdk17.0.4_8\bin\zip.dll
0x00007ff9eba50000 - 0x00007ff9eba69000 	C:\Program Files\Amazon Corretto\jdk17.0.4_8\bin\net.dll
0x00007ff9f5290000 - 0x00007ff9f539a000 	C:\WINDOWS\SYSTEM32\WINHTTP.dll
0x00007ff9eba10000 - 0x00007ff9eba25000 	C:\Program Files\Amazon Corretto\jdk17.0.4_8\bin\nio.dll
0x00007ff9fb1c0000 - 0x00007ff9fb1c9000 	C:\Program Files\Amazon Corretto\jdk17.0.4_8\bin\management.dll
0x00007ff9eba00000 - 0x00007ff9eba0b000 	C:\Program Files\Amazon Corretto\jdk17.0.4_8\bin\management_ext.dll
0x00007ff9e8740000 - 0x00007ff9e8757000 	C:\WINDOWS\system32\napinsp.dll
0x00007ff9e08d0000 - 0x00007ff9e08eb000 	C:\WINDOWS\system32\pnrpnsp.dll
0x00007ff9fd080000 - 0x00007ff9fd09d000 	C:\WINDOWS\system32\NLAapi.dll
0x00007ff9fb610000 - 0x00007ff9fb625000 	C:\WINDOWS\system32\wshbth.dll
0x00007ff9dffc0000 - 0x00007ff9dffd2000 	C:\WINDOWS\System32\winrnr.dll
0x00007ffa04580000 - 0x00007ffa04598000 	C:\WINDOWS\SYSTEM32\CRYPTSP.dll
0x00007ffa03220000 - 0x00007ffa03254000 	C:\WINDOWS\system32\rsaenh.dll
0x00007ffa046b0000 - 0x00007ffa046de000 	C:\WINDOWS\SYSTEM32\USERENV.dll
0x00007ffa039a0000 - 0x00007ffa039ac000 	C:\WINDOWS\SYSTEM32\CRYPTBASE.dll
0x00007ff9f9330000 - 0x00007ff9f9347000 	C:\WINDOWS\SYSTEM32\dhcpcsvc6.DLL
0x00007ff9f9050000 - 0x00007ff9f906d000 	C:\WINDOWS\SYSTEM32\dhcpcsvc.DLL
0x00007ff9eb9f0000 - 0x00007ff9eba00000 	C:\Program Files\Amazon Corretto\jdk17.0.4_8\bin\verify.dll
0x00007ff9eb9e0000 - 0x00007ff9eb9ee000 	C:\Program Files\Amazon Corretto\jdk17.0.4_8\bin\sunmscapi.dll
0x00007ffa04880000 - 0x00007ffa049d6000 	C:\WINDOWS\System32\CRYPT32.dll
0x00007ffa03bd0000 - 0x00007ffa03bf7000 	C:\WINDOWS\SYSTEM32\ncrypt.dll
0x00007ffa03b90000 - 0x00007ffa03bcb000 	C:\WINDOWS\SYSTEM32\NTASN1.dll
0x00007ff9fb150000 - 0x00007ff9fb157000 	C:\WINDOWS\system32\wshunix.dll

dbghelp: loaded successfully - version: 4.0.5 - missing functions: none
symbol engine: initialized successfully - sym options: 0x614 - pdb path: .;C:\Program Files\Amazon Corretto\jdk17.0.4_8\bin;C:\WINDOWS\SYSTEM32;C:\WINDOWS\WinSxS\amd64_microsoft.windows.common-controls_6595b64144ccf1df_6.0.19041.1110_none_60b5254171f9507e;C:\Program Files\Amazon Corretto\jdk17.0.4_8\bin\server

VM Arguments:
jvm_args: -XX:+ShowCodeDetailsInExceptionMessages -agentlib:jdwp=transport=dt_socket,suspend=y,address=localhost:50171 -Dcom.sun.management.jmxremote -Dcom.sun.management.jmxremote.port=50167 -Dcom.sun.management.jmxremote.authenticate=false -Dcom.sun.management.jmxremote.ssl=false -Djava.rmi.server.hostname=localhost -Dspring.jmx.enabled=true -Dspring.application.admin.enabled=true -XX:TieredStopAtLevel=1 -Dspring.boot.project.name=Artstock_Backend -javaagent:C:\sts-4.14.1.RELEASE\configuration\org.eclipse.osgi\265\0\.cp\lib\javaagent-shaded.jar -Dfile.encoding=UTF-8 
java_command: artstock.BackendApplication --spring.profiles.active=local2 --spring.output.ansi.enabled=always --spring.profiles.active=local
java_class_path (initial): C:\Users\sangs\Documents\workFileCollection\Artstock_Backend\target\classes;C:\Users\sangs\.m2\repository\org\springframework\boot\spring-boot-starter-web\2.6.6\spring-boot-starter-web-2.6.6.jar;C:\Users\sangs\.m2\repository\org\springframework\boot\spring-boot-starter\2.6.6\spring-boot-starter-2.6.6.jar;C:\Users\sangs\.m2\repository\jakarta\annotation\jakarta.annotation-api\1.3.5\jakarta.annotation-api-1.3.5.jar;C:\Users\sangs\.m2\repository\org\yaml\snakeyaml\1.29\snakeyaml-1.29.jar;C:\Users\sangs\.m2\repository\org\springframework\boot\spring-boot-starter-json\2.6.6\spring-boot-starter-json-2.6.6.jar;C:\Users\sangs\.m2\repository\com\fasterxml\jackson\datatype\jackson-datatype-jdk8\2.13.2\jackson-datatype-jdk8-2.13.2.jar;C:\Users\sangs\.m2\repository\com\fasterxml\jackson\datatype\jackson-datatype-jsr310\2.13.2\jackson-datatype-jsr310-2.13.2.jar;C:\Users\sangs\.m2\repository\com\fasterxml\jackson\module\jackson-module-parameter-names\2.13.2\jackson-module-parameter-names-2.13.2.jar;C:\Users\sangs\.m2\repository\org\springframework\boot\spring-boot-starter-tomcat\2.6.6\spring-boot-starter-tomcat-2.6.6.jar;C:\Users\sangs\.m2\repository\org\apache\tomcat\embed\tomcat-embed-core\9.0.60\tomcat-embed-core-9.0.60.jar;C:\Users\sangs\.m2\repository\org\apache\tomcat\embed\tomcat-embed-websocket\9.0.60\tomcat-embed-websocket-9.0.60.jar;C:\Users\sangs\.m2\repository\org\springframework\spring-web\5.3.18\spring-web-5.3.18.jar;C:\Users\sangs\.m2\repository\org\springframework\spring-beans\5.3.18\spring-beans-5.3.18.jar;C:\Users\sangs\.m2\repository\org\springframework\spring-webmvc\5.3.18\spring-webmvc-5.3.18.jar;C:\Users\sangs\.m2\repository\org\springframework\spring-context\5.3.18\spring-context-5.3.18.jar;C:\Users\sangs\.m2\repository\org\springframework\spring-expression\5.3.18\spring-expression-5.3.18.jar;C:\Users\sangs\.m2\repository\jakarta\xml\bind\jakarta.xml.bind-api\2.3.3\jakarta.xml.bind-api-2.3.3.jar;C:\Users\sangs\.m2\repository\jak
Launcher Type: SUN_STANDARD

[Global flags]
     intx CICompilerCount                          = 4                                         {product} {ergonomic}
     uint ConcGCThreads                            = 2                                         {product} {ergonomic}
     uint G1ConcRefinementThreads                  = 8                                         {product} {ergonomic}
   size_t G1HeapRegionSize                         = 1048576                                   {product} {ergonomic}
    uintx GCDrainStackTargetSize                   = 64                                        {product} {ergonomic}
   size_t InitialHeapSize                          = 132120576                                 {product} {ergonomic}
     bool ManagementServer                         = true                                      {product} {command line}
   size_t MarkStackSize                            = 4194304                                   {product} {ergonomic}
   size_t MaxHeapSize                              = 2099249152                                {product} {ergonomic}
   size_t MaxNewSize                               = 1259339776                                {product} {ergonomic}
   size_t MinHeapDeltaBytes                        = 1048576                                   {product} {ergonomic}
   size_t MinHeapSize                              = 8388608                                   {product} {ergonomic}
    uintx NonProfiledCodeHeapSize                  = 0                                      {pd product} {ergonomic}
     bool ProfileInterpreter                       = false                                  {pd product} {command line}
    uintx ProfiledCodeHeapSize                     = 0                                      {pd product} {ergonomic}
     bool ShowCodeDetailsInExceptionMessages       = true                                   {manageable} {command line}
   size_t SoftMaxHeapSize                          = 2099249152                             {manageable} {ergonomic}
     intx TieredStopAtLevel                        = 1                                         {product} {command line}
     bool UseCompressedClassPointers               = true                           {product lp64_product} {ergonomic}
     bool UseCompressedOops                        = true                           {product lp64_product} {ergonomic}
     bool UseG1GC                                  = true                                      {product} {ergonomic}
     bool UseLargePagesIndividualAllocation        = false                                  {pd product} {ergonomic}

Logging:
Log output configuration:
 #0: stdout all=warning uptime,level,tags
 #1: stderr all=off uptime,level,tags

Environment Variables:
JAVA_HOME=C:\Program Files\Amazon Corretto\jdk17.0.4_8
PATH=C:/sts-4.14.1.RELEASE//plugins/org.eclipse.justj.openjdk.hotspot.jre.full.win32.x86_64_17.0.2.v20220201-1208/jre/bin/server;C:/sts-4.14.1.RELEASE//plugins/org.eclipse.justj.openjdk.hotspot.jre.full.win32.x86_64_17.0.2.v20220201-1208/jre/bin;C:\Program Files\Amazon Corretto\jdk17.0.4_8\bin;C:\Python310\Scripts\;C:\Python310\;C:\Program Files (x86)\Common Files\Oracle\Java\javapath;C:\app\sangs\product\18.0.0\dbhomeXE\bin;C:\Program Files\Common Files\Oracle\Java\javapath;C:\WINDOWS\system32;C:\WINDOWS;C:\WINDOWS\System32\Wbem;C:\WINDOWS\System32\WindowsPowerShell\v1.0\;C:\WINDOWS\System32\OpenSSH\;C:\Program Files (x86)\PuTTY\;C:\Program Files\Amazon Corretto\jdk17.0.4_8\bin;C:\Program Files\Bandizip\;C:\Program Files\nodejs\;C:\Program Files\PuTTY\;C:\Program Files\Git\cmd;C:\Python27\;C:\Python27\Scripts;C:\ProgramData\chocolatey\bin;C:\Program Files\MySQL\MySQL Shell 8.0\bin\;C:\Users\sangs\AppData\Local\Microsoft\WindowsApps;C:\Program Files\Amazon Corretto\jdk17.0.4_8\bin\;;C:\Users\sangs\AppData\Local\Programs\Microsoft VS Code\bin;C:\Users\sangs\AppData\Roaming\npm;C:\sts-4.14.1.RELEASE;
USERNAME=sangs
OS=Windows_NT
PROCESSOR_IDENTIFIER=Intel64 Family 6 Model 166 Stepping 0, GenuineIntel
TMP=C:\Users\sangs\AppData\Local\Temp
TEMP=C:\Users\sangs\AppData\Local\Temp



---------------  S Y S T E M  ---------------

OS:
 Windows 10 , 64 bit Build 19041 (10.0.19041.1806)
OS uptime: 0 days 8:29 hours

CPU: total 8 (initial active 8) (4 cores per cpu, 2 threads per core) family 6 model 166 stepping 0 microcode 0xc6, cx8, cmov, fxsr, ht, mmx, 3dnowpref, sse, sse2, sse3, ssse3, sse4.1, sse4.2, popcnt, lzcnt, tsc, tscinvbit, avx, avx2, aes, erms, clmul, bmi1, bmi2, adx, fma, vzeroupper, clflush, clflushopt

Memory: 4k page, system-wide physical 8006M (536M free)
TotalPageFile size 19291M (AvailPageFile size 3097M)
current process WorkingSet (physical memory assigned to process): 428M, peak: 489M
current process commit charge ("private bytes"): 562M, peak: 562M

vm_info: OpenJDK 64-Bit Server VM (17.0.4+8-LTS) for windows-amd64 JRE (17.0.4+8-LTS), built on Jul 15 2022 17:12:09 by "Administrator" with MS VC++ 15.9 (VS2017)

END.
